#
# A fatal error has been detected by the Java Runtime Environment:
#
#  EXCEPTION_ACCESS_VIOLATION (0xc0000005) at pc=0x000001e51a2a85cb, pid=11832, tid=13152
#
# JRE version: OpenJDK Runtime Environment Temurin-21.0.3+9 (21.0.3+9) (build 21.0.3+9-LTS)
# Java VM: OpenJDK 64-Bit Server VM Temurin-21.0.3+9 (21.0.3+9-LTS, mixed mode, emulated-client, tiered, compressed oops, compressed class ptrs, g1 gc, windows-amd64)
# Problematic frame:
# J 1841 c1 java.net.URI$Parser.parse(Z)V java.base@21.0.3 (243 bytes) @ 0x000001e51a2a85cb [0x000001e51a2a83e0+0x00000000000001eb]
#
# No core dump will be written. Minidumps are not enabled by default on client versions of Windows
#
# If you would like to submit a bug report, please visit:
#   https://github.com/adoptium/adoptium-support/issues
#

---------------  S U M M A R Y ------------

Command Line: -Dcom.sun.management.jmxremote -Dcom.sun.management.jmxremote.port=54130 -Dcom.sun.management.jmxremote.authenticate=false -Dcom.sun.management.jmxremote.ssl=false -Djava.rmi.server.hostname=localhost -Dspring.jmx.enabled=true -Dmanagement.endpoints.jmx.exposure.include=* -Dspring.application.admin.enabled=true -DPORT=8084 -XX:TieredStopAtLevel=1 -Dspring.boot.project.name=Patients_Microservices -Dfile.encoding=UTF-8 -Dstdout.encoding=UTF-8 -Dstderr.encoding=UTF-8 -XX:+ShowCodeDetailsInExceptionMessages com.example.demo1.PatientsMicroservicesApplication --spring.output.ansi.enabled=always

Host: AMD Ryzen 3 2200U with Radeon Vega Mobile Gfx  , 4 cores, 6G,  Windows 10 , 64 bit Build 19041 (10.0.19041.5678)
Time: Wed May 14 10:13:44 2025 India Standard Time elapsed time: 1458.020009 seconds (0d 0h 24m 18s)

---------------  T H R E A D  ---------------

Current thread (0x000001e526d42570):  JavaThread "DiscoveryClient-HeartbeatExecutor-%d" daemon [_thread_in_Java, id=13152, stack(0x000000212fa00000,0x000000212fb00000) (1024K)]

Stack: [0x000000212fa00000,0x000000212fb00000],  sp=0x000000212fafe8f0,  free space=1018k
Native frames: (J=compiled Java code, j=interpreted, Vv=VM code, C=native code)
C  0x000001e51a2a85cb

The last pc belongs to nmethod (printed below).

siginfo: EXCEPTION_ACCESS_VIOLATION (0xc0000005), writing address 0x0000000000000088


Registers:
RAX=0x0000000000000088, RBX=0x000000000000003a, RCX=0x0000000000000000, RDX=0x00000000961f1810
RSP=0x000000212fafe8f0, RBP=0x000000212fafeba8, RSI=0x0000000000000004, RDI=0x000000000000003a
R8 =0x0000000000000001, R9 =0x0000000000000004, R10=0x000001e514021000, R11=0x00000000961f15a8
R12=0x0000000000000000, R13=0x0000000000000079, R14=0x00000000961f16b8, R15=0x000001e526d42570
RIP=0x000001e51a2a85cb, EFLAGS=0x0000000000010286


Register to memory mapping:

RAX=0x0000000000000088 is an unknown value
RBX=0x000000000000003a is an unknown value
RCX=0x0 is null
RDX=0x00000000961f1810 is an oop: java.net.URI$Parser 
{0x00000000961f1810} - klass: 'java/net/URI$Parser'
 - ---- fields (total size 4 words):
 - private 'ipv6byteCount' 'I' @12  0 (0x00000000)
 - private 'requireServerAuthority' 'Z' @16  true (0x01)
 - private 'input' 'Ljava/lang/String;' @20  "http://localhost:8761/eureka/apps/PATIENTS_SERVICE/patients_service:-855995882?status=UP&lastDirtyTimestamp=1747196382784"{0x00000000961f1768} (0x961f1768)
 - final synthetic 'this$0' 'Ljava/net/URI;' @24  a 'java/net/URI'{0x00000000961f13b8} (0x961f13b8)
RSP=0x000000212fafe8f0 is pointing into the stack for thread: 0x000001e526d42570
RBP=0x000000212fafeba8 is pointing into the stack for thread: 0x000001e526d42570
RSI=0x0000000000000004 is an unknown value
RDI=0x000000000000003a is an unknown value
R8 =0x0000000000000001 is an unknown value
R9 =0x0000000000000004 is an unknown value
R10=0x000001e514021000 points into unknown readable memory: 0x0000000000000000 | 00 00 00 00 00 00 00 00
R11=0x00000000961f15a8 is an oop: [B 
{0x00000000961f15a8} - klass: {type array byte}
 - length: 42
R12=0x0 is null
R13=0x0000000000000079 is an unknown value
R14=0x00000000961f16b8 is an oop: [B 
{0x00000000961f16b8} - klass: {type array byte}
 - length: 158
R15=0x000001e526d42570 is a thread

Top of Stack: (sp=0x000000212fafe8f0)
0x000000212fafe8f0:   0000000000000079 000000212fafe910
0x000000212fafe900:   000000212fafe970 000001e519da8732
0x000000212fafe910:   0000000000000000 00000000961f15e8
0x000000212fafe920:   00000000961f15e8 00000000961f15e8
0x000000212fafe930:   000001e50000003a 0000000000000004
0x000000212fafe940:   000000212fafeba8 000001e51a70448c
0x000000212fafe950:   0000000000002239 00000000961f10f8
0x000000212fafe960:   00000000961f1590 000000212fafe9a0
0x000000212fafe970:   000000212fafeaa0 000001e51a48ee6c
0x000000212fafe980:   00000000961f12d8 00000000940136c0
0x000000212fafe990:   00000000961f1450 000001e51a48ee6c
0x000000212fafe9a0:   000001e52ac5f7f9 0000000000000003
0x000000212fafe9b0:   000001e52ac5f940 0000000400000079
0x000000212fafe9c0:   00000000961f1810 00000000961f1450
0x000000212fafe9d0:   00000000961f1408 00000000961f1590
0x000000212fafe9e0:   00000000961f1538 00000000961f15a8
0x000000212fafe9f0:   00000000961f09d0 00000000961f15e8
0x000000212fafea00:   0000000000000000 0000000000000000
0x000000212fafea10:   0000000000000000 00000000961f0a00
0x000000212fafea20:   00000000961f13b8 00000000961f1768
0x000000212fafea30:   000000212fafeaa0 000001e519da8aaa
0x000000212fafea40:   000000212fafeba8 000001e51a70333c
0x000000212fafea50:   0000000000002239 00000000961f10f8
0x000000212fafea60:   00000000961f1590 0000000000000000
0x000000212fafea70:   000001e52a458000 0000000000000000
0x000000212fafea80:   00000000941fa3f0 000001e52a455bd0
0x000000212fafea90:   00000000961f1590 000000212fafeab0
0x000000212fafeaa0:   000000212fafeb08 000001e519da88a4
0x000000212fafeab0:   000001e519da88a4 00000000961f1408
0x000000212fafeac0:   000000212fafeac0 00000000961f09d0
0x000000212fafead0:   00000000961f10f8 00000000961f13b8
0x000000212fafeae0:   00000000961f1768 0000000094113a68 

Instructions: (pc=0x000001e51a2a85cb)
0x000001e51a2a84cb:   01 00 00 00 41 83 e1 01 45 85 c9 0f 84 57 00 00
0x000001e51a2a84db:   00 45 8b 40 14 45 8b 48 0c 48 be 10 13 ec 91 00
0x000001e51a2a84eb:   00 00 00 be 00 00 00 00 3b c6 0f 8c 42 0a 00 00
0x000001e51a2a84fb:   41 3b c1 0f 8d 46 0a 00 00 48 8b f0 44 3b c8 0f
0x000001e51a2a850b:   86 47 0a 00 00 4c 63 c8 47 0f be 44 08 10 41 81
0x000001e51a2a851b:   e0 ff 00 00 00 41 81 e0 ff ff 00 00 41 81 e0 ff
0x000001e51a2a852b:   ff 00 00 e9 45 00 00 00 45 8b 40 14 45 8b 48 0c
0x000001e51a2a853b:   41 d1 f9 48 be 10 13 ec 91 00 00 00 00 be 00 00
0x000001e51a2a854b:   00 00 3b c6 0f 8c 15 0a 00 00 41 3b c1 0f 8d 19
0x000001e51a2a855b:   0a 00 00 4c 8b c8 4c 63 c8 47 0f b7 44 48 10 41
0x000001e51a2a856b:   81 e0 ff ff 00 00 41 81 e0 ff ff 00 00 41 83 f8
0x000001e51a2a857b:   3a 41 b8 00 00 00 00 75 06 41 b8 01 00 00 00 e9
0x000001e51a2a858b:   06 00 00 00 41 b8 00 00 00 00 41 83 e0 01 45 85
0x000001e51a2a859b:   c0 0f 85 27 00 00 00 41 b8 00 00 00 00 44 8b 8c
0x000001e51a2a85ab:   24 c8 00 00 00 48 8b f2 48 8b d6 90 e8 a4 4a 00
0x000001e51a2a85bb:   00 0f 1f 84 00 2c 05 00 01 e9 3b 03 05 01 04 84
0x000001e51a2a85cb:   00 00 0f 80 6c 07 60 00 00 10 00 00 00 00 00 00
0x000001e51a2a85db:   0a 01 59 6a 00 42 21 00 00 00 0b 00 28 08 00 00
0x000001e51a2a85eb:   03 21 0e 01 02 03 04 05 06 07 08 09 0a 0b 0c 0d
0x000001e51a2a85fb:   00 00 00 00 80 ff ff ff ff ff ff 42 6a 92 ca 77
0x000001e51a2a860b:   cd 42 6a 92 ca 77 cd c0 76 90 01 59 6a 00 00 00
0x000001e51a2a861b:   00 64 00 01 15 00 1b 4b 72 69 73 68 61 6e 75 27
0x000001e51a2a862b:   73 20 47 61 6c 61 78 79 20 53 32 31 20 46 45 20
0x000001e51a2a863b:   35 47 01 08 82 84 8b 96 24 30 48 6c 03 01 0b 05
0x000001e51a2a864b:   04 00 02 00 02 07 06 49 4e 20 01 0d 80 20 01 00
0x000001e51a2a865b:   23 02 12 00 2a 01 04 32 04 0c 12 18 60 2d 1a 2d
0x000001e51a2a866b:   00 1b ff ff 00 00 00 00 00 00 00 00 00 00 00 00
0x000001e51a2a867b:   00 00 00 00 00 00 00 00 00 3d 16 0b 00 04 00 00
0x000001e51a2a868b:   00 00 00 00 00 00 00 00 00 00 00 00 00 00 00 00
0x000001e51a2a869b:   00 7f 08 04 00 48 00 00 00 00 40 dd 05 00 16 32
0x000001e51a2a86ab:   80 00 dd 08 00 50 f2 11 02 00 00 00 dd 1e 00 90
0x000001e51a2a86bb:   4c 04 08 bf 0c 32 78 81 0f fa ff 00 00 fa ff 00 


Stack slot to memory mapping:

stack at sp + 0 slots: 0x0000000000000079 is an unknown value
stack at sp + 1 slots: 0x000000212fafe910 is pointing into the stack for thread: 0x000001e526d42570
stack at sp + 2 slots: 0x000000212fafe970 is pointing into the stack for thread: 0x000001e526d42570
stack at sp + 3 slots: 0x000001e519da8732 is at code_begin+882 in an Interpreter codelet
return entry points  [0x000001e519da83c0, 0x000001e519da8c68]  2216 bytes
stack at sp + 4 slots: 0x0 is null
stack at sp + 5 slots: 0x00000000961f15e8 is an oop: java.lang.StringBuilder 
{0x00000000961f15e8} - klass: 'java/lang/StringBuilder'
 - ---- fields (total size 3 words):
 - 'count' 'I' @12  121 (0x00000079)
 - 'coder' 'B' @16  0 (0x00)
 - 'maybeLatin1' 'Z' @17  false (0x00)
 - 'value' '[B' @20  [B{0x00000000961f16b8} (0x961f16b8)
stack at sp + 6 slots: 0x00000000961f15e8 is an oop: java.lang.StringBuilder 
{0x00000000961f15e8} - klass: 'java/lang/StringBuilder'
 - ---- fields (total size 3 words):
 - 'count' 'I' @12  121 (0x00000079)
 - 'coder' 'B' @16  0 (0x00)
 - 'maybeLatin1' 'Z' @17  false (0x00)
 - 'value' '[B' @20  [B{0x00000000961f16b8} (0x961f16b8)
stack at sp + 7 slots: 0x00000000961f15e8 is an oop: java.lang.StringBuilder 
{0x00000000961f15e8} - klass: 'java/lang/StringBuilder'
 - ---- fields (total size 3 words):
 - 'count' 'I' @12  121 (0x00000079)
 - 'coder' 'B' @16  0 (0x00)
 - 'maybeLatin1' 'Z' @17  false (0x00)
 - 'value' '[B' @20  [B{0x00000000961f16b8} (0x961f16b8)


Compiled method (c1) 1458092 1841       1       java.net.URI$Parser::parse (243 bytes)
 total in heap  [0x000001e51a2a8090,0x000001e51a2a9ce8] = 7256
 relocation     [0x000001e51a2a81f0,0x000001e51a2a83c8] = 472
 main code      [0x000001e51a2a83e0,0x000001e51a2a9198] = 3512
 stub code      [0x000001e51a2a9198,0x000001e51a2a92a8] = 272
 oops           [0x000001e51a2a92a8,0x000001e51a2a92c8] = 32
 metadata       [0x000001e51a2a92c8,0x000001e51a2a9350] = 136
 scopes data    [0x000001e51a2a9350,0x000001e51a2a97d0] = 1152
 scopes pcs     [0x000001e51a2a97d0,0x000001e51a2a9c20] = 1104
 dependencies   [0x000001e51a2a9c20,0x000001e51a2a9c28] = 8
 nul chk table  [0x000001e51a2a9c28,0x000001e51a2a9ce8] = 192

[Constant Pool (empty)]

[MachCode]
[Entry Point]
  # {method} {0x000001e5225cf9d8} 'parse' '(Z)V' in 'java/net/URI$Parser'
  # this:     rdx:rdx   = 'java/net/URI$Parser'
  # parm0:    r8        = boolean
  #           [sp+0x160]  (sp of caller)
  0x000001e51a2a83e0: 448b 5208 | 49c1 e203 

  0x000001e51a2a83e8: ;   {runtime_call ic_miss_stub}
  0x000001e51a2a83e8: 4c3b d00f | 858f 63b4 | ff0f 1f84 | 0000 0000 | 000f 1f80 | 0000 0000 
[Verified Entry Point]
  0x000001e51a2a8400: 8984 2400 | 80ff ff55 | 4881 ec50 | 0100 0090 | 4181 7f20 | 0b00 0000 

  0x000001e51a2a8418: ;   {runtime_call StubRoutines (final stubs)}
  0x000001e51a2a8418: 7405 e801 | c9b2 ff48 | 8994 24d0 | 0000 0041 | 83e0 0144 | 8842 108b | 4a14 448b | 4114 458b 
  0x000001e51a2a8438: 400c 0fbe | 4910 c1e1 | 18c1 f918 | 41d3 f844 | 8984 24c8 | 0000 0049 | 8bd8 41b8 | 0000 0000 
  0x000001e51a2a8458: ;   {oop("/?#"{0x0000000091e6c3a8})}
  0x000001e51a2a8458: 4c8b cb48 | bfa8 c3e6 | 9100 0000 

  0x000001e51a2a8464: ;   {oop(":"{0x00000000919558b0})}
  0x000001e51a2a8464: 0048 beb0 | 5895 9100 | 0000 0048 | 8bc2 488b 

  0x000001e51a2a8474: ;   {optimized virtual_call}
  0x000001e51a2a8474: d066 90e8 

  0x000001e51a2a8478: ; ImmutableOopMap {[208]=Oop }
                      ;*invokevirtual scan {reexecute=0 rethrow=0 return_oop=0}
                      ; - java.net.URI$Parser::parse@20 (line 3187)
  0x000001e51a2a8478: 040b ffff 

  0x000001e51a2a847c: ;   {other}
  0x000001e51a2a847c: 0f1f 8400 | ec03 0000 | 8984 24cc | 0000 0085 | c00f 8d0d | 0000 0048 | 8b94 24d0 | 0000 00e9 
  0x000001e51a2a849c: 0201 0000 | 3b84 24c8 | 0000 0048 | 8b94 24d0 | 0000 000f | 8dda 0000 | 0044 8b42 | 1445 0fbe 
  0x000001e51a2a84bc: 4810 4585 | c941 b900 | 0000 0075 | 0641 b901 | 0000 0041 | 83e1 0145 | 85c9 0f84 | 5700 0000 
  0x000001e51a2a84dc: 458b 4014 

  0x000001e51a2a84e0: ; implicit exception: dispatches to 0x000001e51a2a8f38
  0x000001e51a2a84e0: 458b 480c 

  0x000001e51a2a84e4: ;   {oop(a 'jdk/internal/util/Preconditions$4'{0x0000000091ec1310})}
  0x000001e51a2a84e4: 48be 1013 | ec91 0000 | 0000 be00 | 0000 003b | c60f 8c42 | 0a00 0041 | 3bc1 0f8d | 460a 0000 
  0x000001e51a2a8504: 488b f044 | 3bc8 0f86 | 470a 0000 | 4c63 c847 | 0fbe 4408 | 1041 81e0 | ff00 0000 | 4181 e0ff 
  0x000001e51a2a8524: ff00 0041 | 81e0 ffff | 0000 e945 | 0000 0045 | 8b40 1445 | 8b48 0c41 

  0x000001e51a2a853c: ;   {oop(a 'jdk/internal/util/Preconditions$4'{0x0000000091ec1310})}
  0x000001e51a2a853c: d1f9 48be | 1013 ec91 | 0000 0000 | be00 0000 | 003b c60f | 8c15 0a00 | 0041 3bc1 | 0f8d 190a 
  0x000001e51a2a855c: 0000 4c8b | c84c 63c8 | 470f b744 | 4810 4181 | e0ff ff00 | 0041 81e0 | ffff 0000 | 4183 f83a 
  0x000001e51a2a857c: 41b8 0000 | 0000 7506 | 41b8 0100 | 0000 e906 | 0000 0041 | b800 0000 | 0041 83e0 | 0145 85c0 
  0x000001e51a2a859c: 0f85 2700 | 0000 41b8 | 0000 0000 | 448b 8c24 | c800 0000 | 488b f248 

  0x000001e51a2a85b4: ;   {optimized virtual_call}
  0x000001e51a2a85b4: 8bd6 90e8 

  0x000001e51a2a85b8: ; ImmutableOopMap {[208]=Oop }
                      ;*invokevirtual parseHierarchical {reexecute=0 rethrow=0 return_oop=0}
                      ; - java.net.URI$Parser::parse@179 (line 3207)
  0x000001e51a2a85b8: a44a 0000 

  0x000001e51a2a85bc: ;   {other}
  0x000001e51a2a85bc: 0f1f 8400 | 2c05 0001 | e93b 0305 | 0104 8400 | 000f 806c | 0760 0000 | 1000 0000 | 0000 000a 
  0x000001e51a2a85dc: 0159 6a00 
[error occurred during error reporting (printing code blobs if possible), id 0xc0000005, EXCEPTION_ACCESS_VIOLATION (0xc0000005) at pc=0x00007ffa63ce40bd]

---------------  P R O C E S S  ---------------

Threads class SMR info:
_java_thread_list=0x000001e52e0af030, length=42, elements={
0x000001e52146fb40, 0x000001e521473560, 0x000001e52143f4e0, 0x000001e521440200,
0x000001e521440f20, 0x000001e521442990, 0x000001e5214433f0, 0x000001e52125d080,
0x000001e521697150, 0x000001e526753ab0, 0x000001e526711a60, 0x000001e52676a030,
0x000001e526c59380, 0x000001e526c5c6f0, 0x000001e526c5aee0, 0x000001e526d40b30,
0x000001e526d41ee0, 0x000001e526d411c0, 0x000001e526d3f0f0, 0x000001e526d3f780,
0x000001e529099e70, 0x000001e529098430, 0x000001e529095640, 0x000001e529097080,
0x000001e529094290, 0x000001e529093570, 0x000001e52909a500, 0x000001e52909ab90,
0x000001e529093c00, 0x000001e529095cd0, 0x000001e529097710, 0x000001e529097da0,
0x000001e529094920, 0x000001e529094fb0, 0x000001e5290997e0, 0x000001e529096360,
0x000001e529098ac0, 0x000001e5290969f0, 0x000001e529099150, 0x000001e526d3fe10,
0x000001e526d42570, 0x000001e526d41850
}

Java Threads: ( => current thread )
  0x000001e52146fb40 JavaThread "Reference Handler"          daemon [_thread_blocked, id=13544, stack(0x000000212e300000,0x000000212e400000) (1024K)]
  0x000001e521473560 JavaThread "Finalizer"                  daemon [_thread_blocked, id=11476, stack(0x000000212e400000,0x000000212e500000) (1024K)]
  0x000001e52143f4e0 JavaThread "Signal Dispatcher"          daemon [_thread_blocked, id=9964, stack(0x000000212e500000,0x000000212e600000) (1024K)]
  0x000001e521440200 JavaThread "Attach Listener"            daemon [_thread_blocked, id=8272, stack(0x000000212e600000,0x000000212e700000) (1024K)]
  0x000001e521440f20 JavaThread "Service Thread"             daemon [_thread_blocked, id=8876, stack(0x000000212e700000,0x000000212e800000) (1024K)]
  0x000001e521442990 JavaThread "Monitor Deflation Thread"   daemon [_thread_blocked, id=1464, stack(0x000000212e800000,0x000000212e900000) (1024K)]
  0x000001e5214433f0 JavaThread "C1 CompilerThread0"         daemon [_thread_blocked, id=2024, stack(0x000000212e900000,0x000000212ea00000) (1024K)]
  0x000001e52125d080 JavaThread "Common-Cleaner"             daemon [_thread_blocked, id=11400, stack(0x000000212ea00000,0x000000212eb00000) (1024K)]
  0x000001e521697150 JavaThread "Notification Thread"        daemon [_thread_blocked, id=5584, stack(0x000000212ed00000,0x000000212ee00000) (1024K)]
  0x000001e526753ab0 JavaThread "RMI TCP Accept-0"           daemon [_thread_in_native, id=7612, stack(0x000000212f200000,0x000000212f300000) (1024K)]
  0x000001e526711a60 JavaThread "RMI TCP Accept-54130"       daemon [_thread_in_native, id=9300, stack(0x000000212f300000,0x000000212f400000) (1024K)]
  0x000001e52676a030 JavaThread "RMI TCP Accept-0"           daemon [_thread_in_native, id=13500, stack(0x000000212f400000,0x000000212f500000) (1024K)]
  0x000001e526c59380 JavaThread "RMI Scheduler(0)"           daemon [_thread_blocked, id=1400, stack(0x000000212f600000,0x000000212f700000) (1024K)]
  0x000001e526c5c6f0 JavaThread "RMI TCP Connection(idle)"   daemon [_thread_blocked, id=11152, stack(0x000000212f700000,0x000000212f800000) (1024K)]
  0x000001e526c5aee0 JavaThread "JMX server connection timeout 30" daemon [_thread_blocked, id=11740, stack(0x000000212f800000,0x000000212f900000) (1024K)]
  0x000001e526d40b30 JavaThread "Catalina-utility-1"                [_thread_blocked, id=9432, stack(0x000000212fb00000,0x000000212fc00000) (1024K)]
  0x000001e526d41ee0 JavaThread "Catalina-utility-2"                [_thread_blocked, id=12892, stack(0x000000212fc00000,0x000000212fd00000) (1024K)]
  0x000001e526d411c0 JavaThread "container-0"                       [_thread_blocked, id=7688, stack(0x000000212fd00000,0x000000212fe00000) (1024K)]
  0x000001e526d3f0f0 JavaThread "mysql-cj-abandoned-connection-cleanup" daemon [_thread_blocked, id=11592, stack(0x000000212fe00000,0x000000212ff00000) (1024K)]
  0x000001e526d3f780 JavaThread "HikariPool-1 housekeeper"   daemon [_thread_blocked, id=13644, stack(0x0000002130000000,0x0000002130100000) (1024K)]
  0x000001e529099e70 JavaThread "File Watcher"               daemon [_thread_blocked, id=9128, stack(0x0000002130300000,0x0000002130400000) (1024K)]
  0x000001e529098430 JavaThread "spectator-gauge-polling-0"  daemon [_thread_blocked, id=13416, stack(0x0000002130400000,0x0000002130500000) (1024K)]
  0x000001e529095640 JavaThread "AsyncResolver-bootstrap-%d" daemon [_thread_blocked, id=3036, stack(0x0000002130500000,0x0000002130600000) (1024K)]
  0x000001e529097080 JavaThread "DiscoveryClient-%d"         daemon [_thread_blocked, id=2428, stack(0x0000002130100000,0x0000002130200000) (1024K)]
  0x000001e529094290 JavaThread "DiscoveryClient-%d"         daemon [_thread_blocked, id=11984, stack(0x0000002130600000,0x0000002130700000) (1024K)]
  0x000001e529093570 JavaThread "DiscoveryClient-InstanceInfoReplicator-%d" daemon [_thread_blocked, id=11268, stack(0x0000002130700000,0x0000002130800000) (1024K)]
  0x000001e52909a500 JavaThread "http-nio-8084-exec-1"       daemon [_thread_blocked, id=3884, stack(0x0000002130800000,0x0000002130900000) (1024K)]
  0x000001e52909ab90 JavaThread "http-nio-8084-exec-2"       daemon [_thread_blocked, id=11108, stack(0x0000002130900000,0x0000002130a00000) (1024K)]
  0x000001e529093c00 JavaThread "http-nio-8084-exec-3"       daemon [_thread_blocked, id=12612, stack(0x0000002130a00000,0x0000002130b00000) (1024K)]
  0x000001e529095cd0 JavaThread "http-nio-8084-exec-4"       daemon [_thread_blocked, id=2056, stack(0x0000002130b00000,0x0000002130c00000) (1024K)]
  0x000001e529097710 JavaThread "http-nio-8084-exec-5"       daemon [_thread_blocked, id=1392, stack(0x0000002130c00000,0x0000002130d00000) (1024K)]
  0x000001e529097da0 JavaThread "http-nio-8084-exec-6"       daemon [_thread_blocked, id=12280, stack(0x0000002130d00000,0x0000002130e00000) (1024K)]
  0x000001e529094920 JavaThread "http-nio-8084-exec-7"       daemon [_thread_blocked, id=9288, stack(0x0000002130e00000,0x0000002130f00000) (1024K)]
  0x000001e529094fb0 JavaThread "http-nio-8084-exec-8"       daemon [_thread_blocked, id=2164, stack(0x0000002130f00000,0x0000002131000000) (1024K)]
  0x000001e5290997e0 JavaThread "http-nio-8084-exec-9"       daemon [_thread_blocked, id=4584, stack(0x0000002131000000,0x0000002131100000) (1024K)]
  0x000001e529096360 JavaThread "http-nio-8084-exec-10"      daemon [_thread_blocked, id=2104, stack(0x0000002131100000,0x0000002131200000) (1024K)]
  0x000001e529098ac0 JavaThread "http-nio-8084-Poller"       daemon [_thread_in_native, id=7880, stack(0x0000002131200000,0x0000002131300000) (1024K)]
  0x000001e5290969f0 JavaThread "http-nio-8084-Acceptor"     daemon [_thread_in_native, id=5616, stack(0x0000002131300000,0x0000002131400000) (1024K)]
  0x000001e529099150 JavaThread "DestroyJavaVM"                     [_thread_blocked, id=2964, stack(0x000000212db00000,0x000000212dc00000) (1024K)]
  0x000001e526d3fe10 JavaThread "DiscoveryClient-CacheRefreshExecutor-%d" daemon [_thread_in_Java, id=7852, stack(0x000000212f900000,0x000000212fa00000) (1024K)]
=>0x000001e526d42570 JavaThread "DiscoveryClient-HeartbeatExecutor-%d" daemon [_thread_in_Java, id=13152, stack(0x000000212fa00000,0x000000212fb00000) (1024K)]
  0x000001e526d41850 JavaThread "AsyncResolver-bootstrap-executor-%d" daemon [_thread_blocked, id=10660, stack(0x000000212eb00000,0x000000212ec00000) (1024K)]
Total: 42

Other Threads:
  0x000001e5212e20b0 VMThread "VM Thread"                           [id=13524, stack(0x000000212e200000,0x000000212e300000) (1024K)]
  0x000001e52125b6d0 WatcherThread "VM Periodic Task Thread"        [id=3332, stack(0x000000212e100000,0x000000212e200000) (1024K)]
  0x000001e5162f22f0 WorkerThread "GC Thread#0"                     [id=10972, stack(0x000000212dc00000,0x000000212dd00000) (1024K)]
  0x000001e526606550 WorkerThread "GC Thread#1"                     [id=12736, stack(0x000000212ef00000,0x000000212f000000) (1024K)]
  0x000001e526625e80 WorkerThread "GC Thread#2"                     [id=2152, stack(0x000000212f000000,0x000000212f100000) (1024K)]
  0x000001e526626220 WorkerThread "GC Thread#3"                     [id=10312, stack(0x000000212f100000,0x000000212f200000) (1024K)]
  0x000001e516300f20 ConcurrentGCThread "G1 Main Marker"            [id=6976, stack(0x000000212dd00000,0x000000212de00000) (1024K)]
  0x000001e516301930 WorkerThread "G1 Conc#0"                       [id=13520, stack(0x000000212de00000,0x000000212df00000) (1024K)]
  0x000001e51635de50 ConcurrentGCThread "G1 Refine#0"               [id=10436, stack(0x000000212df00000,0x000000212e000000) (1024K)]
  0x000001e51635e8d0 ConcurrentGCThread "G1 Service"                [id=9368, stack(0x000000212e000000,0x000000212e100000) (1024K)]
Total: 10

Threads with active compile tasks:
Total: 0

VM state: not at safepoint (normal execution)

VM Mutex/Monitor currently owned by a thread: None

Heap address: 0x0000000091600000, size: 1770 MB, Compressed Oops mode: 32-bit

CDS archive(s) not mapped
Compressed class space mapped at: 0x0000000100000000-0x0000000140000000, reserved size: 1073741824
Narrow klass base: 0x0000000000000000, Narrow klass shift: 3, Narrow klass range: 0x140000000

GC Precious Log:
 CardTable entry size: 512
 Card Set container configuration: InlinePtr #cards 5 size 8 Array Of Cards #cards 12 size 40 Howl #buckets 4 coarsen threshold 1843 Howl Bitmap #cards 512 size 80 coarsen threshold 460 Card regions per heap region 1 cards per card region 2048
 CPUs: 4 total, 4 available
 Memory: 7075M
 Large Page Support: Disabled
 NUMA Support: Disabled
 Compressed Oops: Enabled (32-bit)
 Heap Region Size: 1M
 Heap Min Capacity: 8M
 Heap Initial Capacity: 112M
 Heap Max Capacity: 1770M
 Pre-touch: Disabled
 Parallel Workers: 4
 Concurrent Workers: 1
 Concurrent Refinement Workers: 4
 Periodic GC: Disabled

Heap:
 garbage-first heap   total 95232K, used 67091K [0x0000000091600000, 0x0000000100000000)
  region size 1024K, 20 young (20480K), 1 survivors (1024K)
 Metaspace       used 89327K, committed 90240K, reserved 1179648K
  class space    used 12298K, committed 12672K, reserved 1048576K

Heap Regions: E=young(eden), S=young(survivor), O=old, HS=humongous(starts), HC=humongous(continues), CS=collection set, F=free, TAMS=top-at-mark-start, PB=parsable bottom
|   0|0x0000000091600000, 0x0000000091700000, 0x0000000091700000|100%|HS|  |TAMS 0x0000000091600000| PB 0x0000000091600000| Complete 
|   1|0x0000000091700000, 0x0000000091800000, 0x0000000091800000|100%|HS|  |TAMS 0x0000000091700000| PB 0x0000000091700000| Complete 
|   2|0x0000000091800000, 0x0000000091900000, 0x0000000091900000|100%|HS|  |TAMS 0x0000000091800000| PB 0x0000000091800000| Complete 
|   3|0x0000000091900000, 0x0000000091a00000, 0x0000000091a00000|100%| O|  |TAMS 0x0000000091900000| PB 0x0000000091900000| Untracked 
|   4|0x0000000091a00000, 0x0000000091b00000, 0x0000000091b00000|100%| O|  |TAMS 0x0000000091a00000| PB 0x0000000091a00000| Untracked 
|   5|0x0000000091b00000, 0x0000000091c00000, 0x0000000091c00000|100%| O|  |TAMS 0x0000000091b00000| PB 0x0000000091b00000| Untracked 
|   6|0x0000000091c00000, 0x0000000091d00000, 0x0000000091d00000|100%| O|  |TAMS 0x0000000091c00000| PB 0x0000000091c00000| Untracked 
|   7|0x0000000091d00000, 0x0000000091e00000, 0x0000000091e00000|100%| O|  |TAMS 0x0000000091d00000| PB 0x0000000091d00000| Untracked 
|   8|0x0000000091e00000, 0x0000000091f00000, 0x0000000091f00000|100%| O|  |TAMS 0x0000000091e00000| PB 0x0000000091e00000| Untracked 
|   9|0x0000000091f00000, 0x0000000092000000, 0x0000000092000000|100%| O|  |TAMS 0x0000000091f00000| PB 0x0000000091f00000| Untracked 
|  10|0x0000000092000000, 0x0000000092100000, 0x0000000092100000|100%| O|  |TAMS 0x0000000092000000| PB 0x0000000092000000| Untracked 
|  11|0x0000000092100000, 0x0000000092200000, 0x0000000092200000|100%| O|  |TAMS 0x0000000092100000| PB 0x0000000092100000| Untracked 
|  12|0x0000000092200000, 0x0000000092300000, 0x0000000092300000|100%| O|  |TAMS 0x0000000092200000| PB 0x0000000092200000| Untracked 
|  13|0x0000000092300000, 0x0000000092400000, 0x0000000092400000|100%| O|  |TAMS 0x0000000092300000| PB 0x0000000092300000| Untracked 
|  14|0x0000000092400000, 0x0000000092500000, 0x0000000092500000|100%| O|  |TAMS 0x0000000092400000| PB 0x0000000092400000| Untracked 
|  15|0x0000000092500000, 0x0000000092600000, 0x0000000092600000|100%| O|  |TAMS 0x0000000092500000| PB 0x0000000092500000| Untracked 
|  16|0x0000000092600000, 0x0000000092700000, 0x0000000092700000|100%| O|  |TAMS 0x0000000092600000| PB 0x0000000092600000| Untracked 
|  17|0x0000000092700000, 0x0000000092800000, 0x0000000092800000|100%| O|  |TAMS 0x0000000092700000| PB 0x0000000092700000| Untracked 
|  18|0x0000000092800000, 0x0000000092900000, 0x0000000092900000|100%| O|  |TAMS 0x0000000092800000| PB 0x0000000092800000| Untracked 
|  19|0x0000000092900000, 0x0000000092a00000, 0x0000000092a00000|100%| O|  |TAMS 0x0000000092900000| PB 0x0000000092900000| Untracked 
|  20|0x0000000092a00000, 0x0000000092b00000, 0x0000000092b00000|100%| O|  |TAMS 0x0000000092a00000| PB 0x0000000092a00000| Untracked 
|  21|0x0000000092b00000, 0x0000000092c00000, 0x0000000092c00000|100%| O|  |TAMS 0x0000000092b00000| PB 0x0000000092b00000| Untracked 
|  22|0x0000000092c00000, 0x0000000092d00000, 0x0000000092d00000|100%| O|  |TAMS 0x0000000092c00000| PB 0x0000000092c00000| Untracked 
|  23|0x0000000092d00000, 0x0000000092e00000, 0x0000000092e00000|100%| O|  |TAMS 0x0000000092d00000| PB 0x0000000092d00000| Untracked 
|  24|0x0000000092e00000, 0x0000000092f00000, 0x0000000092f00000|100%| O|  |TAMS 0x0000000092e00000| PB 0x0000000092e00000| Untracked 
|  25|0x0000000092f00000, 0x0000000093000000, 0x0000000093000000|100%| O|  |TAMS 0x0000000092f00000| PB 0x0000000092f00000| Untracked 
|  26|0x0000000093000000, 0x0000000093100000, 0x0000000093100000|100%| O|  |TAMS 0x0000000093000000| PB 0x0000000093000000| Untracked 
|  27|0x0000000093100000, 0x0000000093200000, 0x0000000093200000|100%| O|  |TAMS 0x0000000093100000| PB 0x0000000093100000| Untracked 
|  28|0x0000000093200000, 0x0000000093300000, 0x0000000093300000|100%| O|  |TAMS 0x0000000093200000| PB 0x0000000093200000| Untracked 
|  29|0x0000000093300000, 0x0000000093400000, 0x0000000093400000|100%| O|  |TAMS 0x0000000093300000| PB 0x0000000093300000| Untracked 
|  30|0x0000000093400000, 0x0000000093500000, 0x0000000093500000|100%| O|  |TAMS 0x0000000093400000| PB 0x0000000093400000| Untracked 
|  31|0x0000000093500000, 0x0000000093600000, 0x0000000093600000|100%| O|  |TAMS 0x0000000093500000| PB 0x0000000093500000| Untracked 
|  32|0x0000000093600000, 0x0000000093700000, 0x0000000093700000|100%| O|  |TAMS 0x0000000093600000| PB 0x0000000093600000| Untracked 
|  33|0x0000000093700000, 0x0000000093800000, 0x0000000093800000|100%| O|  |TAMS 0x0000000093700000| PB 0x0000000093700000| Untracked 
|  34|0x0000000093800000, 0x0000000093900000, 0x0000000093900000|100%| O|  |TAMS 0x0000000093800000| PB 0x0000000093800000| Untracked 
|  35|0x0000000093900000, 0x0000000093a00000, 0x0000000093a00000|100%| O|  |TAMS 0x0000000093900000| PB 0x0000000093900000| Untracked 
|  36|0x0000000093a00000, 0x0000000093b00000, 0x0000000093b00000|100%| O|  |TAMS 0x0000000093a00000| PB 0x0000000093a00000| Untracked 
|  37|0x0000000093b00000, 0x0000000093c00000, 0x0000000093c00000|100%| O|  |TAMS 0x0000000093b00000| PB 0x0000000093b00000| Untracked 
|  38|0x0000000093c00000, 0x0000000093c00000, 0x0000000093d00000|  0%| F|  |TAMS 0x0000000093c00000| PB 0x0000000093c00000| Untracked 
|  39|0x0000000093d00000, 0x0000000093e00000, 0x0000000093e00000|100%| O|  |TAMS 0x0000000093d00000| PB 0x0000000093d00000| Untracked 
|  40|0x0000000093e00000, 0x0000000093f00000, 0x0000000093f00000|100%| O|  |TAMS 0x0000000093e00000| PB 0x0000000093e00000| Untracked 
|  41|0x0000000093f00000, 0x0000000094000000, 0x0000000094000000|100%| O|  |TAMS 0x0000000093f00000| PB 0x0000000093f00000| Untracked 
|  42|0x0000000094000000, 0x0000000094100000, 0x0000000094100000|100%| O|  |TAMS 0x0000000094000000| PB 0x0000000094000000| Untracked 
|  43|0x0000000094100000, 0x0000000094200000, 0x0000000094200000|100%| O|  |TAMS 0x0000000094100000| PB 0x0000000094100000| Untracked 
|  44|0x0000000094200000, 0x0000000094200000, 0x0000000094300000|  0%| F|  |TAMS 0x0000000094200000| PB 0x0000000094200000| Untracked 
|  45|0x0000000094300000, 0x0000000094400000, 0x0000000094400000|100%| O|  |TAMS 0x0000000094300000| PB 0x0000000094300000| Untracked 
|  46|0x0000000094400000, 0x0000000094400000, 0x0000000094500000|  0%| F|  |TAMS 0x0000000094400000| PB 0x0000000094400000| Untracked 
|  47|0x0000000094500000, 0x0000000094500000, 0x0000000094600000|  0%| F|  |TAMS 0x0000000094500000| PB 0x0000000094500000| Untracked 
|  48|0x0000000094600000, 0x0000000094600000, 0x0000000094700000|  0%| F|  |TAMS 0x0000000094600000| PB 0x0000000094600000| Untracked 
|  49|0x0000000094700000, 0x0000000094800000, 0x0000000094800000|100%| O|  |TAMS 0x0000000094700000| PB 0x0000000094700000| Untracked 
|  50|0x0000000094800000, 0x0000000094800000, 0x0000000094900000|  0%| F|  |TAMS 0x0000000094800000| PB 0x0000000094800000| Untracked 
|  51|0x0000000094900000, 0x0000000094900000, 0x0000000094a00000|  0%| F|  |TAMS 0x0000000094900000| PB 0x0000000094900000| Untracked 
|  52|0x0000000094a00000, 0x0000000094b00000, 0x0000000094b00000|100%| O|  |TAMS 0x0000000094a00000| PB 0x0000000094a00000| Untracked 
|  53|0x0000000094b00000, 0x0000000094bd4580, 0x0000000094c00000| 82%| O|  |TAMS 0x0000000094b00000| PB 0x0000000094b00000| Untracked 
|  54|0x0000000094c00000, 0x0000000094c00000, 0x0000000094d00000|  0%| F|  |TAMS 0x0000000094c00000| PB 0x0000000094c00000| Untracked 
|  55|0x0000000094d00000, 0x0000000094d00000, 0x0000000094e00000|  0%| F|  |TAMS 0x0000000094d00000| PB 0x0000000094d00000| Untracked 
|  56|0x0000000094e00000, 0x0000000094e00000, 0x0000000094f00000|  0%| F|  |TAMS 0x0000000094e00000| PB 0x0000000094e00000| Untracked 
|  57|0x0000000094f00000, 0x0000000094f00000, 0x0000000095000000|  0%| F|  |TAMS 0x0000000094f00000| PB 0x0000000094f00000| Untracked 
|  58|0x0000000095000000, 0x0000000095000000, 0x0000000095100000|  0%| F|  |TAMS 0x0000000095000000| PB 0x0000000095000000| Untracked 
|  59|0x0000000095100000, 0x0000000095100000, 0x0000000095200000|  0%| F|  |TAMS 0x0000000095100000| PB 0x0000000095100000| Untracked 
|  60|0x0000000095200000, 0x00000000952b0880, 0x0000000095300000| 68%| S|CS|TAMS 0x0000000095200000| PB 0x0000000095200000| Complete 
|  61|0x0000000095300000, 0x0000000095300000, 0x0000000095400000|  0%| F|  |TAMS 0x0000000095300000| PB 0x0000000095300000| Untracked 
|  62|0x0000000095400000, 0x0000000095400000, 0x0000000095500000|  0%| F|  |TAMS 0x0000000095400000| PB 0x0000000095400000| Untracked 
|  63|0x0000000095500000, 0x0000000095500000, 0x0000000095600000|  0%| F|  |TAMS 0x0000000095500000| PB 0x0000000095500000| Untracked 
|  64|0x0000000095600000, 0x0000000095600000, 0x0000000095700000|  0%| F|  |TAMS 0x0000000095600000| PB 0x0000000095600000| Untracked 
|  65|0x0000000095700000, 0x0000000095700000, 0x0000000095800000|  0%| F|  |TAMS 0x0000000095700000| PB 0x0000000095700000| Untracked 
|  66|0x0000000095800000, 0x0000000095800000, 0x0000000095900000|  0%| F|  |TAMS 0x0000000095800000| PB 0x0000000095800000| Untracked 
|  67|0x0000000095900000, 0x0000000095900000, 0x0000000095a00000|  0%| F|  |TAMS 0x0000000095900000| PB 0x0000000095900000| Untracked 
|  68|0x0000000095a00000, 0x0000000095a00000, 0x0000000095b00000|  0%| F|  |TAMS 0x0000000095a00000| PB 0x0000000095a00000| Untracked 
|  69|0x0000000095b00000, 0x0000000095b00000, 0x0000000095c00000|  0%| F|  |TAMS 0x0000000095b00000| PB 0x0000000095b00000| Untracked 
|  70|0x0000000095c00000, 0x0000000095c00000, 0x0000000095d00000|  0%| F|  |TAMS 0x0000000095c00000| PB 0x0000000095c00000| Untracked 
|  71|0x0000000095d00000, 0x0000000095d00000, 0x0000000095e00000|  0%| F|  |TAMS 0x0000000095d00000| PB 0x0000000095d00000| Untracked 
|  72|0x0000000095e00000, 0x0000000095e00000, 0x0000000095f00000|  0%| F|  |TAMS 0x0000000095e00000| PB 0x0000000095e00000| Untracked 
|  73|0x0000000095f00000, 0x0000000095f00000, 0x0000000096000000|  0%| F|  |TAMS 0x0000000095f00000| PB 0x0000000095f00000| Untracked 
|  74|0x0000000096000000, 0x00000000960eedb8, 0x0000000096100000| 93%| E|  |TAMS 0x0000000096000000| PB 0x0000000096000000| Complete 
|  75|0x0000000096100000, 0x0000000096200000, 0x0000000096200000|100%| E|CS|TAMS 0x0000000096100000| PB 0x0000000096100000| Complete 
|  76|0x0000000096200000, 0x0000000096300000, 0x0000000096300000|100%| E|CS|TAMS 0x0000000096200000| PB 0x0000000096200000| Complete 
|  77|0x0000000096300000, 0x0000000096400000, 0x0000000096400000|100%| E|CS|TAMS 0x0000000096300000| PB 0x0000000096300000| Complete 
|  78|0x0000000096400000, 0x0000000096500000, 0x0000000096500000|100%| E|CS|TAMS 0x0000000096400000| PB 0x0000000096400000| Complete 
|  79|0x0000000096500000, 0x0000000096600000, 0x0000000096600000|100%| E|CS|TAMS 0x0000000096500000| PB 0x0000000096500000| Complete 
|  80|0x0000000096600000, 0x0000000096700000, 0x0000000096700000|100%| E|CS|TAMS 0x0000000096600000| PB 0x0000000096600000| Complete 
|  81|0x0000000096700000, 0x0000000096800000, 0x0000000096800000|100%| E|CS|TAMS 0x0000000096700000| PB 0x0000000096700000| Complete 
|  82|0x0000000096800000, 0x0000000096900000, 0x0000000096900000|100%| E|CS|TAMS 0x0000000096800000| PB 0x0000000096800000| Complete 
|  83|0x0000000096900000, 0x0000000096a00000, 0x0000000096a00000|100%| E|CS|TAMS 0x0000000096900000| PB 0x0000000096900000| Complete 
|  84|0x0000000096a00000, 0x0000000096b00000, 0x0000000096b00000|100%| E|CS|TAMS 0x0000000096a00000| PB 0x0000000096a00000| Complete 
|  85|0x0000000096b00000, 0x0000000096c00000, 0x0000000096c00000|100%| E|CS|TAMS 0x0000000096b00000| PB 0x0000000096b00000| Complete 
|  86|0x0000000096c00000, 0x0000000096d00000, 0x0000000096d00000|100%| E|CS|TAMS 0x0000000096c00000| PB 0x0000000096c00000| Complete 
|  87|0x0000000096d00000, 0x0000000096e00000, 0x0000000096e00000|100%| E|CS|TAMS 0x0000000096d00000| PB 0x0000000096d00000| Complete 
|  88|0x0000000096e00000, 0x0000000096f00000, 0x0000000096f00000|100%| E|CS|TAMS 0x0000000096e00000| PB 0x0000000096e00000| Complete 
|  89|0x0000000096f00000, 0x0000000097000000, 0x0000000097000000|100%| E|CS|TAMS 0x0000000096f00000| PB 0x0000000096f00000| Complete 
|  94|0x0000000097400000, 0x0000000097500000, 0x0000000097500000|100%| E|CS|TAMS 0x0000000097400000| PB 0x0000000097400000| Complete 
| 111|0x0000000098500000, 0x0000000098600000, 0x0000000098600000|100%| E|CS|TAMS 0x0000000098500000| PB 0x0000000098500000| Complete 
|1769|0x00000000fff00000, 0x0000000100000000, 0x0000000100000000|100%| E|CS|TAMS 0x00000000fff00000| PB 0x00000000fff00000| Complete 

Card table byte_map: [0x000001e51cda0000,0x000001e51d120000] _byte_map_base: 0x000001e51c915000

Marking Bits: (CMBitMap*) 0x000001e5162f2900
 Bits: [0x000001e51d120000, 0x000001e51ecc8000)

Polling page: 0x000001e514020000

Metaspace:

Usage:
  Non-class:     75.22 MB used.
      Class:     12.01 MB used.
       Both:     87.23 MB used.

Virtual space:
  Non-class space:      128.00 MB reserved,      75.75 MB ( 59%) committed,  2 nodes.
      Class space:        1.00 GB reserved,      12.38 MB (  1%) committed,  1 nodes.
             Both:        1.12 GB reserved,      88.12 MB (  8%) committed. 

Chunk freelists:
   Non-Class:  3.61 MB
       Class:  3.47 MB
        Both:  7.08 MB

MaxMetaspaceSize: unlimited
CompressedClassSpaceSize: 1.00 GB
Initial GC threshold: 21.00 MB
Current GC threshold: 139.38 MB
CDS: off
 - commit_granule_bytes: 65536.
 - commit_granule_words: 8192.
 - virtual_space_node_default_size: 8388608.
 - enlarge_chunks_in_place: 1.
 - use_allocation_guard: 0.


Internal statistics:

num_allocs_failed_limit: 9.
num_arena_births: 1234.
num_arena_deaths: 0.
num_vsnodes_births: 3.
num_vsnodes_deaths: 0.
num_space_committed: 1410.
num_space_uncommitted: 0.
num_chunks_returned_to_freelist: 9.
num_chunks_taken_from_freelist: 4040.
num_chunk_merges: 6.
num_chunk_splits: 2873.
num_chunks_enlarged: 2243.
num_inconsistent_stats: 0.

CodeCache: size=49152Kb used=13152Kb max_used=13152Kb free=36000Kb
 bounds [0x000001e519da0000, 0x000001e51aa80000, 0x000001e51cda0000]
 total_blobs=8123 nmethods=7377 adapters=668
 compilation: enabled
              stopped_count=0, restarted_count=0
 full_count=0

Compilation events (20 events):
Event: 1367.956 Thread 0x000001e5214433f0 nmethod 7872 0x000001e519ef6490 code [0x000001e519ef6680, 0x000001e519ef6a18]
Event: 1367.956 Thread 0x000001e5214433f0 7873       1       java.lang.invoke.VarHandleGuards::guard_LI_V (123 bytes)
Event: 1367.959 Thread 0x000001e5214433f0 nmethod 7873 0x000001e519ef4810 code [0x000001e519ef4b20, 0x000001e519ef5950]
Event: 1367.959 Thread 0x000001e5214433f0 7874       1       java.lang.invoke.VarHandleInts$FieldInstanceReadWrite::setRelease (28 bytes)
Event: 1367.959 Thread 0x000001e5214433f0 nmethod 7874 0x000001e519ef4210 code [0x000001e519ef43e0, 0x000001e519ef4690]
Event: 1382.553 Thread 0x000001e5214433f0 7876       1       java.io.DataInputStream::readUTF (501 bytes)
Event: 1382.555 Thread 0x000001e5214433f0 nmethod 7876 0x000001e519ef2590 code [0x000001e519ef28e0, 0x000001e519ef3860]
Event: 1428.004 Thread 0x000001e5214433f0 7877       1       java.lang.invoke.VarHandleReferences$FieldInstanceReadWrite::weakCompareAndSet (48 bytes)
Event: 1428.005 Thread 0x000001e5214433f0 nmethod 7877 0x000001e519ef1b90 code [0x000001e519ef1da0, 0x000001e519ef22e8]
Event: 1428.005 Thread 0x000001e5214433f0 7878       1       java.util.Collections$EmptyMap::forEach (6 bytes)
Event: 1428.005 Thread 0x000001e5214433f0 nmethod 7878 0x000001e51aa70590 code [0x000001e51aa70740, 0x000001e51aa70898]
Event: 1428.022 Thread 0x000001e5214433f0 7879       1       com.fasterxml.jackson.core.json.UTF8StreamJsonParser::getText (44 bytes)
Event: 1428.022 Thread 0x000001e5214433f0 nmethod 7879 0x000001e51aa70990 code [0x000001e51aa70b60, 0x000001e51aa70d18]
Event: 1442.566 Thread 0x000001e5214433f0 7880       1       java.io.BufferedInputStream::fill (204 bytes)
Event: 1442.568 Thread 0x000001e5214433f0 nmethod 7880 0x000001e51aa70e10 code [0x000001e51aa71020, 0x000001e51aa71618]
Event: 1457.568 Thread 0x000001e5214433f0 7881       1       java.util.concurrent.SynchronousQueue::xfer (31 bytes)
Event: 1457.569 Thread 0x000001e5214433f0 nmethod 7881 0x000001e51aa71810 code [0x000001e51aa719c0, 0x000001e51aa71b10]
Event: 1458.009 Thread 0x000001e5214433f0 7882       1       java.util.concurrent.SynchronousQueue$Transferer::xferLifo (245 bytes)
Event: 1458.013 Thread 0x000001e5214433f0 nmethod 7882 0x000001e51aa71c10 code [0x000001e51aa72040, 0x000001e51aa73888]
Event: 1458.013 Thread 0x000001e5214433f0 7883   !   1       java.util.regex.Matcher::appendExpandedReplacement (508 bytes)

GC Heap History (20 events):
Event: 9.011 GC heap before
{Heap before GC invocations=13 (full 0):
 garbage-first heap   total 78848K, used 66764K [0x0000000091600000, 0x0000000100000000)
  region size 1024K, 38 young (38912K), 5 survivors (5120K)
 Metaspace       used 54077K, committed 54720K, reserved 1114112K
  class space    used 7164K, committed 7424K, reserved 1048576K
}
Event: 9.020 GC heap after
{Heap after GC invocations=14 (full 0):
 garbage-first heap   total 78848K, used 34816K [0x0000000091600000, 0x0000000100000000)
  region size 1024K, 2 young (2048K), 2 survivors (2048K)
 Metaspace       used 54077K, committed 54720K, reserved 1114112K
  class space    used 7164K, committed 7424K, reserved 1048576K
}
Event: 9.611 GC heap before
{Heap before GC invocations=14 (full 0):
 garbage-first heap   total 78848K, used 47104K [0x0000000091600000, 0x0000000100000000)
  region size 1024K, 15 young (15360K), 2 survivors (2048K)
 Metaspace       used 59541K, committed 60160K, reserved 1114112K
  class space    used 7794K, committed 8064K, reserved 1048576K
}
Event: 9.619 GC heap after
{Heap after GC invocations=15 (full 0):
 garbage-first heap   total 78848K, used 36641K [0x0000000091600000, 0x0000000100000000)
  region size 1024K, 4 young (4096K), 4 survivors (4096K)
 Metaspace       used 59541K, committed 60160K, reserved 1114112K
  class space    used 7794K, committed 8064K, reserved 1048576K
}
Event: 10.855 GC heap before
{Heap before GC invocations=16 (full 0):
 garbage-first heap   total 78848K, used 68385K [0x0000000091600000, 0x0000000100000000)
  region size 1024K, 36 young (36864K), 4 survivors (4096K)
 Metaspace       used 66635K, committed 67200K, reserved 1114112K
  class space    used 8768K, committed 9024K, reserved 1048576K
}
Event: 10.865 GC heap after
{Heap after GC invocations=17 (full 0):
 garbage-first heap   total 78848K, used 39044K [0x0000000091600000, 0x0000000100000000)
  region size 1024K, 5 young (5120K), 5 survivors (5120K)
 Metaspace       used 66635K, committed 67200K, reserved 1114112K
  class space    used 8768K, committed 9024K, reserved 1048576K
}
Event: 12.085 GC heap before
{Heap before GC invocations=17 (full 0):
 garbage-first heap   total 78848K, used 67716K [0x0000000091600000, 0x0000000100000000)
  region size 1024K, 33 young (33792K), 5 survivors (5120K)
 Metaspace       used 74937K, committed 75584K, reserved 1114112K
  class space    used 10095K, committed 10368K, reserved 1048576K
}
Event: 12.097 GC heap after
{Heap after GC invocations=18 (full 0):
 garbage-first heap   total 78848K, used 39829K [0x0000000091600000, 0x0000000100000000)
  region size 1024K, 4 young (4096K), 4 survivors (4096K)
 Metaspace       used 74937K, committed 75584K, reserved 1114112K
  class space    used 10095K, committed 10368K, reserved 1048576K
}
Event: 12.923 GC heap before
{Heap before GC invocations=18 (full 0):
 garbage-first heap   total 78848K, used 68501K [0x0000000091600000, 0x0000000100000000)
  region size 1024K, 32 young (32768K), 4 survivors (4096K)
 Metaspace       used 78640K, committed 79360K, reserved 1179648K
  class space    used 10613K, committed 10944K, reserved 1048576K
}
Event: 12.944 GC heap after
{Heap after GC invocations=19 (full 0):
 garbage-first heap   total 78848K, used 42254K [0x0000000091600000, 0x0000000100000000)
  region size 1024K, 4 young (4096K), 4 survivors (4096K)
 Metaspace       used 78640K, committed 79360K, reserved 1179648K
  class space    used 10613K, committed 10944K, reserved 1048576K
}
Event: 13.778 GC heap before
{Heap before GC invocations=20 (full 0):
 garbage-first heap   total 78848K, used 68878K [0x0000000091600000, 0x0000000100000000)
  region size 1024K, 30 young (30720K), 4 survivors (4096K)
 Metaspace       used 80262K, committed 81024K, reserved 1179648K
  class space    used 10937K, committed 11264K, reserved 1048576K
}
Event: 13.790 GC heap after
{Heap after GC invocations=21 (full 0):
 garbage-first heap   total 78848K, used 44544K [0x0000000091600000, 0x0000000100000000)
  region size 1024K, 3 young (3072K), 3 survivors (3072K)
 Metaspace       used 80262K, committed 81024K, reserved 1179648K
  class space    used 10937K, committed 11264K, reserved 1048576K
}
Event: 14.482 GC heap before
{Heap before GC invocations=21 (full 0):
 garbage-first heap   total 78848K, used 69120K [0x0000000091600000, 0x0000000100000000)
  region size 1024K, 27 young (27648K), 3 survivors (3072K)
 Metaspace       used 82427K, committed 83200K, reserved 1179648K
  class space    used 11247K, committed 11584K, reserved 1048576K
}
Event: 14.492 GC heap after
{Heap after GC invocations=22 (full 0):
 garbage-first heap   total 78848K, used 45627K [0x0000000091600000, 0x0000000100000000)
  region size 1024K, 4 young (4096K), 4 survivors (4096K)
 Metaspace       used 82427K, committed 83200K, reserved 1179648K
  class space    used 11247K, committed 11584K, reserved 1048576K
}
Event: 15.221 GC heap before
{Heap before GC invocations=22 (full 0):
 garbage-first heap   total 78848K, used 69179K [0x0000000091600000, 0x0000000100000000)
  region size 1024K, 27 young (27648K), 4 survivors (4096K)
 Metaspace       used 84464K, committed 85248K, reserved 1179648K
  class space    used 11577K, committed 11904K, reserved 1048576K
}
Event: 15.232 GC heap after
{Heap after GC invocations=23 (full 0):
 garbage-first heap   total 95232K, used 46585K [0x0000000091600000, 0x0000000100000000)
  region size 1024K, 3 young (3072K), 3 survivors (3072K)
 Metaspace       used 84464K, committed 85248K, reserved 1179648K
  class space    used 11577K, committed 11904K, reserved 1048576K
}
Event: 195.775 GC heap before
{Heap before GC invocations=24 (full 0):
 garbage-first heap   total 95232K, used 84473K [0x0000000091600000, 0x0000000100000000)
  region size 1024K, 41 young (41984K), 3 survivors (3072K)
 Metaspace       used 89326K, committed 90240K, reserved 1179648K
  class space    used 12298K, committed 12672K, reserved 1048576K
}
Event: 195.793 GC heap after
{Heap after GC invocations=25 (full 0):
 garbage-first heap   total 95232K, used 49575K [0x0000000091600000, 0x0000000100000000)
  region size 1024K, 6 young (6144K), 6 survivors (6144K)
 Metaspace       used 89326K, committed 90240K, reserved 1179648K
  class space    used 12298K, committed 12672K, reserved 1048576K
}
Event: 991.943 GC heap before
{Heap before GC invocations=25 (full 0):
 garbage-first heap   total 95232K, used 82343K [0x0000000091600000, 0x0000000100000000)
  region size 1024K, 38 young (38912K), 6 survivors (6144K)
 Metaspace       used 89326K, committed 90240K, reserved 1179648K
  class space    used 12298K, committed 12672K, reserved 1048576K
}
Event: 991.970 GC heap after
{Heap after GC invocations=26 (full 0):
 garbage-first heap   total 95232K, used 48659K [0x0000000091600000, 0x0000000100000000)
  region size 1024K, 1 young (1024K), 1 survivors (1024K)
 Metaspace       used 89326K, committed 90240K, reserved 1179648K
  class space    used 12298K, committed 12672K, reserved 1048576K
}

Dll operation events (11 events):
Event: 0.014 Loaded shared library C:\Users\krish\Downloads\sts-4.23.0.RELEASE\plugins\org.eclipse.justj.openjdk.hotspot.jre.full.win32.x86_64_21.0.3.v20240426-1530\jre\bin\java.dll
Event: 0.026 Loaded shared library C:\Users\krish\Downloads\sts-4.23.0.RELEASE\plugins\org.eclipse.justj.openjdk.hotspot.jre.full.win32.x86_64_21.0.3.v20240426-1530\jre\bin\zip.dll
Event: 0.528 Loaded shared library C:\Users\krish\Downloads\sts-4.23.0.RELEASE\plugins\org.eclipse.justj.openjdk.hotspot.jre.full.win32.x86_64_21.0.3.v20240426-1530\jre\bin\jimage.dll
Event: 0.549 Loaded shared library C:\Users\krish\Downloads\sts-4.23.0.RELEASE\plugins\org.eclipse.justj.openjdk.hotspot.jre.full.win32.x86_64_21.0.3.v20240426-1530\jre\bin\net.dll
Event: 0.553 Loaded shared library C:\Users\krish\Downloads\sts-4.23.0.RELEASE\plugins\org.eclipse.justj.openjdk.hotspot.jre.full.win32.x86_64_21.0.3.v20240426-1530\jre\bin\nio.dll
Event: 0.565 Loaded shared library C:\Users\krish\Downloads\sts-4.23.0.RELEASE\plugins\org.eclipse.justj.openjdk.hotspot.jre.full.win32.x86_64_21.0.3.v20240426-1530\jre\bin\zip.dll
Event: 0.729 Loaded shared library C:\Users\krish\Downloads\sts-4.23.0.RELEASE\plugins\org.eclipse.justj.openjdk.hotspot.jre.full.win32.x86_64_21.0.3.v20240426-1530\jre\bin\management.dll
Event: 0.752 Loaded shared library C:\Users\krish\Downloads\sts-4.23.0.RELEASE\plugins\org.eclipse.justj.openjdk.hotspot.jre.full.win32.x86_64_21.0.3.v20240426-1530\jre\bin\management_ext.dll
Event: 1.234 Loaded shared library C:\Users\krish\Downloads\sts-4.23.0.RELEASE\plugins\org.eclipse.justj.openjdk.hotspot.jre.full.win32.x86_64_21.0.3.v20240426-1530\jre\bin\extnet.dll
Event: 1.356 Loaded shared library C:\Users\krish\Downloads\sts-4.23.0.RELEASE\plugins\org.eclipse.justj.openjdk.hotspot.jre.full.win32.x86_64_21.0.3.v20240426-1530\jre\bin\verify.dll
Event: 4.077 Loaded shared library C:\Users\krish\Downloads\sts-4.23.0.RELEASE\plugins\org.eclipse.justj.openjdk.hotspot.jre.full.win32.x86_64_21.0.3.v20240426-1530\jre\bin\sunmscapi.dll

Deoptimization events (4 events):
Event: 4.762 Thread 0x000001e526d41850 DEOPT PACKING pc=0x000001e51a290154 sp=0x000000212fafde40
Event: 4.762 Thread 0x000001e526d41850 DEOPT UNPACKING pc=0x000001e519df4e42 sp=0x000000212fafd308 mode 0
Event: 16.178 Thread 0x000001e526d41850 DEOPT PACKING pc=0x000001e51a4a610c sp=0x000000212fafd640
Event: 16.178 Thread 0x000001e526d41850 DEOPT UNPACKING pc=0x000001e519df4e42 sp=0x000000212fafcae8 mode 0

Classes loaded (20 events):
Event: 16.367 Loading class com/sun/beans/util/Cache$Kind$2
Event: 16.367 Loading class com/sun/beans/util/Cache$Kind$2 done
Event: 16.367 Loading class com/sun/beans/util/Cache$Kind$3
Event: 16.367 Loading class com/sun/beans/util/Cache$Kind$3 done
Event: 16.367 Loading class com/sun/beans/util/Cache$CacheEntry
Event: 16.367 Loading class com/sun/beans/util/Cache$CacheEntry done
Event: 17.390 Loading class javax/management/remote/rmi/RMIConnectionImpl$6
Event: 17.391 Loading class javax/management/remote/rmi/RMIConnectionImpl$6 done
Event: 17.391 Loading class javax/management/remote/rmi/RMIConnectionImpl$7
Event: 17.391 Loading class javax/management/remote/rmi/RMIConnectionImpl$7 done
Event: 17.391 Loading class com/sun/jmx/remote/util/OrderClassLoaders
Event: 17.391 Loading class com/sun/jmx/remote/util/OrderClassLoaders done
Event: 17.391 Loading class javax/management/remote/rmi/RMIConnectionImpl$SetCcl
Event: 17.391 Loading class javax/management/remote/rmi/RMIConnectionImpl$SetCcl done
Event: 17.392 Loading class java/rmi/MarshalledObject$MarshalledObjectInputStream
Event: 17.392 Loading class java/rmi/MarshalledObject$MarshalledObjectInputStream done
Event: 18.431 Loading class java/rmi/server/UnicastRemoteObject
Event: 18.432 Loading class java/rmi/server/UnicastRemoteObject done
Event: 25.152 Loading class java/util/concurrent/ConcurrentLinkedQueue$Itr
Event: 25.152 Loading class java/util/concurrent/ConcurrentLinkedQueue$Itr done

Classes unloaded (0 events):
No events

Classes redefined (0 events):
No events

Internal exceptions (20 events):
Event: 14.376 Thread 0x000001e526d41850 Exception <a 'java/lang/IncompatibleClassChangeError'{0x0000000094ef5d78}: Found class java.lang.Object, but interface was expected> (0x0000000094ef5d78) 
thrown [s\src\hotspot\share\interpreter\linkResolver.cpp, line 840]
Event: 14.535 Thread 0x000001e526d41850 Exception <a 'java/lang/NoSuchMethodError'{0x00000000985a34a0}: 'java.lang.Object java.lang.invoke.Invokers$Holder.invoke_MT(java.lang.Object, java.lang.Object, java.lang.Object, java.lang.Object, java.lang.Object, java.lang.Object, java.lang.Object, java.lang.Object, java.lang.Object, java.lang.Object, java.lang.Object)'> (0x00000000985a34a0) 
thrown [s\src\hotspot\share\interpreter\linkResolver.cpp, line 773]
Event: 14.580 Thread 0x000001e526d41850 Exception <a 'java/lang/NoSuchMethodError'{0x0000000095ff4098}: 'java.lang.Object java.lang.invoke.DirectMethodHandle$Holder.newInvokeSpecial(java.lang.Object, java.lang.Object, java.lang.Object, java.lang.Object, java.lang.Object, java.lang.Object, java.lang.Object, java.lang.Object, java.lang.Object, java.lang.Object, java.lang.Object, java.lang.Object, java.lang.Object)'> (0x0000000095ff4098) 
thrown [s\src\hotspot\share\interpreter\linkResolver.cpp, line 773]
Event: 14.581 Thread 0x000001e526d41850 Exception <a 'java/lang/NoSuchMethodError'{0x0000000095ff8ae8}: 'java.lang.Object java.lang.invoke.DelegatingMethodHandle$Holder.reinvoke_L(java.lang.Object, java.lang.Object, java.lang.Object, java.lang.Object, java.lang.Object, java.lang.Object, java.lang.Object, java.lang.Object, java.lang.Object, java.lang.Object, java.lang.Object, java.lang.Object, java.lang.Object)'> (0x0000000095ff8ae8) 
thrown [s\src\hotspot\share\interpreter\linkResolver.cpp, line 773]
Event: 14.633 Thread 0x000001e526d41850 Exception <a 'java/lang/NoSuchMethodError'{0x0000000095dabe50}: 'void java.lang.invoke.DirectMethodHandle$Holder.invokeVirtual(java.lang.Object, java.lang.Object, float)'> (0x0000000095dabe50) 
thrown [s\src\hotspot\share\interpreter\linkResolver.cpp, line 773]
Event: 14.832 Thread 0x000001e526d41850 Exception <a 'java/lang/IncompatibleClassChangeError'{0x00000000954167b8}: Found class java.lang.Object, but interface was expected> (0x00000000954167b8) 
thrown [s\src\hotspot\share\interpreter\linkResolver.cpp, line 840]
Event: 15.089 Thread 0x000001e526d41850 Exception <a 'java/lang/NoSuchMethodError'{0x0000000094e56e30}: 'java.lang.Object java.lang.invoke.DirectMethodHandle$Holder.invokeVirtual(java.lang.Object, java.lang.Object, java.lang.Object, java.lang.Object, java.lang.Object, java.lang.Object, java.lang.Object)'> (0x0000000094e56e30) 
thrown [s\src\hotspot\share\interpreter\linkResolver.cpp, line 773]
Event: 15.143 Thread 0x000001e526d41850 Exception <a 'java/lang/NoSuchMethodError'{0x0000000094d66e88}: 'double java.lang.invoke.DirectMethodHandle$Holder.invokeVirtual(java.lang.Object, java.lang.Object)'> (0x0000000094d66e88) 
thrown [s\src\hotspot\share\interpreter\linkResolver.cpp, line 773]
Event: 15.360 Thread 0x000001e526d41850 Exception <a 'java/lang/NoSuchMethodError'{0x0000000096b98c88}: 'java.lang.Object java.lang.invoke.DirectMethodHandle$Holder.invokeStatic(java.lang.Object, java.lang.Object, java.lang.Object, java.lang.Object, int, java.lang.Object, java.lang.Object)'> (0x0000000096b98c88) 
thrown [s\src\hotspot\share\interpreter\linkResolver.cpp, line 773]
Event: 15.452 Thread 0x000001e526d41850 Exception <a 'java/lang/NoSuchMethodError'{0x0000000096974548}: 'int java.lang.invoke.DirectMethodHandle$Holder.invokeStatic(java.lang.Object, int, int, int, int)'> (0x0000000096974548) 
thrown [s\src\hotspot\share\interpreter\linkResolver.cpp, line 773]
Event: 16.039 Thread 0x000001e526d41850 Exception <a 'java/lang/NoSuchMethodError'{0x0000000095c10448}: 'java.lang.Object java.lang.invoke.DirectMethodHandle$Holder.invokeStatic(java.lang.Object, int, int)'> (0x0000000095c10448) 
thrown [s\src\hotspot\share\interpreter\linkResolver.cpp, line 773]
Event: 16.116 Thread 0x000001e526d41850 Exception <a 'java/lang/NoSuchMethodError'{0x0000000095b8bd78}: 'long java.lang.invoke.DirectMethodHandle$Holder.invokeStatic(java.lang.Object, java.lang.Object, int)'> (0x0000000095b8bd78) 
thrown [s\src\hotspot\share\interpreter\linkResolver.cpp, line 773]
Event: 16.117 Thread 0x000001e526d41850 Exception <a 'java/lang/NoSuchMethodError'{0x0000000095b96888}: 'java.lang.Object java.lang.invoke.DelegatingMethodHandle$Holder.reinvoke_L(java.lang.Object, int, int, long, java.lang.Object, long, long, long)'> (0x0000000095b96888) 
thrown [s\src\hotspot\share\interpreter\linkResolver.cpp, line 773]
Event: 16.121 Thread 0x000001e526d41850 Exception <a 'java/lang/NoSuchMethodError'{0x0000000095bba180}: 'java.lang.Object java.lang.invoke.DelegatingMethodHandle$Holder.reinvoke_L(java.lang.Object, java.lang.Object, java.lang.Object, java.lang.Object, java.lang.Object, java.lang.Object, java.lang.Object, java.lang.Object, java.lang.Object, java.lang.Object, java.lang.Object, java.lang.Object, java.lang.Object, java.lang.Object, int, java.lang.Object, java.lang.Object, java.lang.Object, java.lang.Object, java.lang.Object, java.lang.Object, java.l
Event: 16.128 Thread 0x000001e526d41850 Exception <a 'java/lang/NoSuchMethodError'{0x0000000095a09f30}: 'java.lang.Object java.lang.invoke.DirectMethodHandle$Holder.invokeStatic(java.lang.Object, java.lang.Object, java.lang.Object, java.lang.Object, java.lang.Object, java.lang.Object, java.lang.Object, java.lang.Object, java.lang.Object, java.lang.Object, java.lang.Object, java.lang.Object, java.lang.Object)'> (0x0000000095a09f30) 
thrown [s\src\hotspot\share\interpreter\linkResolver.cpp, line 773]
Event: 16.130 Thread 0x000001e526d41850 Exception <a 'java/lang/NoSuchMethodError'{0x0000000095a2b010}: 'java.lang.Object java.lang.invoke.DirectMethodHandle$Holder.invokeStatic(java.lang.Object, java.lang.Object, java.lang.Object, java.lang.Object, java.lang.Object, java.lang.Object, java.lang.Object, java.lang.Object, java.lang.Object, java.lang.Object, java.lang.Object, java.lang.Object, java.lang.Object, java.lang.Object)'> (0x0000000095a2b010) 
thrown [s\src\hotspot\share\interpreter\linkResolver.cpp, line 773]
Event: 16.132 Thread 0x000001e526d41850 Exception <a 'java/lang/NoSuchMethodError'{0x0000000095a40e08}: 'java.lang.Object java.lang.invoke.DelegatingMethodHandle$Holder.reinvoke_L(java.lang.Object, java.lang.Object, java.lang.Object, java.lang.Object, java.lang.Object, java.lang.Object, java.lang.Object, java.lang.Object, java.lang.Object, java.lang.Object, java.lang.Object, java.lang.Object, java.lang.Object, java.lang.Object, java.lang.Object, java.lang.Object, java.lang.Object, java.lang.Object, java.lang.Object, java.lang.Object, java.lang.O
Event: 16.363 Thread 0x000001e529093570 Exception <a 'java/lang/NoSuchMethodError'{0x000000009551a148}: 'long java.lang.invoke.DelegatingMethodHandle$Holder.reinvoke_L(java.lang.Object, java.lang.Object)'> (0x000000009551a148) 
thrown [s\src\hotspot\share\interpreter\linkResolver.cpp, line 773]
Event: 17.388 Thread 0x000001e526c5c6f0 Exception <a 'java/lang/NoSuchMethodError'{0x0000000095435590}: 'java.lang.Object java.lang.invoke.DirectMethodHandle$Holder.invokeInterface(java.lang.Object, java.lang.Object, java.lang.Object, java.lang.Object, java.lang.Object, java.lang.Object, java.lang.Object)'> (0x0000000095435590) 
thrown [s\src\hotspot\share\interpreter\linkResolver.cpp, line 773]
Event: 1458.009 Thread 0x000001e526d42570 Implicit null exception at 0x000001e51a2a85cb to 0x0000000000000000

ZGC Phase Switch (0 events):
No events

VM Operations (20 events):
Event: 991.943 Executing VM operation: G1CollectForAllocation (G1 Evacuation Pause)
Event: 991.970 Executing VM operation: G1CollectForAllocation (G1 Evacuation Pause) done
Event: 1038.296 Executing VM operation: Cleanup
Event: 1038.296 Executing VM operation: Cleanup done
Event: 1068.533 Executing VM operation: Cleanup
Event: 1068.533 Executing VM operation: Cleanup done
Event: 1096.718 Executing VM operation: Cleanup
Event: 1096.718 Executing VM operation: Cleanup done
Event: 1097.733 Executing VM operation: Cleanup
Event: 1097.733 Executing VM operation: Cleanup done
Event: 1128.028 Executing VM operation: Cleanup
Event: 1128.029 Executing VM operation: Cleanup done
Event: 1158.278 Executing VM operation: Cleanup
Event: 1158.278 Executing VM operation: Cleanup done
Event: 1308.389 Executing VM operation: Cleanup
Event: 1308.390 Executing VM operation: Cleanup done
Event: 1338.612 Executing VM operation: Cleanup
Event: 1338.612 Executing VM operation: Cleanup done
Event: 1398.121 Executing VM operation: Cleanup
Event: 1398.121 Executing VM operation: Cleanup done

Events (20 events):
Event: 16.220 Thread 0x000001e529094fb0 Thread added: 0x000001e529094fb0
Event: 16.220 Thread 0x000001e5290997e0 Thread added: 0x000001e5290997e0
Event: 16.220 Thread 0x000001e529096360 Thread added: 0x000001e529096360
Event: 16.250 Thread 0x000001e529098ac0 Thread added: 0x000001e529098ac0
Event: 16.253 Thread 0x000001e5290969f0 Thread added: 0x000001e5290969f0
Event: 16.364 Thread 0x000001e526d41850 Thread exited: 0x000001e526d41850
Event: 16.368 Thread 0x000001e526d42570 Thread exited: 0x000001e526d42570
Event: 16.368 Thread 0x000001e51407f0c0 Thread exited: 0x000001e51407f0c0
Event: 16.368 Thread 0x000001e529099150 Thread added: 0x000001e529099150
Event: 17.380 Thread 0x000001e526d3fe10 Thread added: 0x000001e526d3fe10
Event: 17.380 Thread 0x000001e52161c820 Thread exited: 0x000001e52161c820
Event: 18.431 Thread 0x000001e526d3fe10 Thread exited: 0x000001e526d3fe10
Event: 18.837 Thread 0x000001e521618160 Thread exited: 0x000001e521618160
Event: 46.164 Thread 0x000001e526d3fe10 Thread added: 0x000001e526d3fe10
Event: 46.167 Thread 0x000001e526d42570 Thread added: 0x000001e526d42570
Event: 76.320 Thread 0x000001e526d404a0 Thread exited: 0x000001e526d404a0
Event: 106.860 Thread 0x000001e52698d700 Thread exited: 0x000001e52698d700
Event: 166.327 Thread 0x000001e52161c820 Thread added: 0x000001e52161c820
Event: 168.513 Thread 0x000001e52161c820 Thread exited: 0x000001e52161c820
Event: 315.209 Thread 0x000001e526d41850 Thread added: 0x000001e526d41850


Dynamic libraries:
0x00007ff714300000 - 0x00007ff71430e000 	C:\Users\krish\Downloads\sts-4.23.0.RELEASE\plugins\org.eclipse.justj.openjdk.hotspot.jre.full.win32.x86_64_21.0.3.v20240426-1530\jre\bin\javaw.exe
0x00007ffab92d0000 - 0x00007ffab94c8000 	C:\Windows\SYSTEM32\ntdll.dll
0x00007ffab89b0000 - 0x00007ffab8a72000 	C:\Windows\System32\KERNEL32.DLL
0x00007ffab6c20000 - 0x00007ffab6f16000 	C:\Windows\System32\KERNELBASE.dll
0x00007ffab70f0000 - 0x00007ffab71f0000 	C:\Windows\System32\ucrtbase.dll
0x00007ffab2ab0000 - 0x00007ffab2ac8000 	C:\Users\krish\Downloads\sts-4.23.0.RELEASE\plugins\org.eclipse.justj.openjdk.hotspot.jre.full.win32.x86_64_21.0.3.v20240426-1530\jre\bin\jli.dll
0x00007ffab8810000 - 0x00007ffab89ad000 	C:\Windows\System32\USER32.dll
0x00007ffab7270000 - 0x00007ffab7292000 	C:\Windows\System32\win32u.dll
0x00007ffab90b0000 - 0x00007ffab90db000 	C:\Windows\System32\GDI32.dll
0x00007ffab6fd0000 - 0x00007ffab70ea000 	C:\Windows\System32\gdi32full.dll
0x00007ffab6960000 - 0x00007ffab69fd000 	C:\Windows\System32\msvcp_win.dll
0x00007ffab2a90000 - 0x00007ffab2aab000 	C:\Users\krish\Downloads\sts-4.23.0.RELEASE\plugins\org.eclipse.justj.openjdk.hotspot.jre.full.win32.x86_64_21.0.3.v20240426-1530\jre\bin\VCRUNTIME140.dll
0x00007ffaa19d0000 - 0x00007ffaa1c6a000 	C:\Windows\WinSxS\amd64_microsoft.windows.common-controls_6595b64144ccf1df_6.0.19041.4355_none_60b8b9eb71f62e16\COMCTL32.dll
0x00007ffab8770000 - 0x00007ffab880e000 	C:\Windows\System32\msvcrt.dll
0x00007ffab77b0000 - 0x00007ffab77df000 	C:\Windows\System32\IMM32.DLL
0x00007ffab3960000 - 0x00007ffab396c000 	C:\Users\krish\Downloads\sts-4.23.0.RELEASE\plugins\org.eclipse.justj.openjdk.hotspot.jre.full.win32.x86_64_21.0.3.v20240426-1530\jre\bin\vcruntime140_1.dll
0x00007ffa87580000 - 0x00007ffa8760e000 	C:\Users\krish\Downloads\sts-4.23.0.RELEASE\plugins\org.eclipse.justj.openjdk.hotspot.jre.full.win32.x86_64_21.0.3.v20240426-1530\jre\bin\msvcp140.dll
0x00007ffa63630000 - 0x00007ffa643b2000 	C:\Users\krish\Downloads\sts-4.23.0.RELEASE\plugins\org.eclipse.justj.openjdk.hotspot.jre.full.win32.x86_64_21.0.3.v20240426-1530\jre\bin\server\jvm.dll
0x00007ffab7930000 - 0x00007ffab79df000 	C:\Windows\System32\ADVAPI32.dll
0x00007ffab7890000 - 0x00007ffab792f000 	C:\Windows\System32\sechost.dll
0x00007ffab72f0000 - 0x00007ffab7413000 	C:\Windows\System32\RPCRT4.dll
0x00007ffab6b60000 - 0x00007ffab6b87000 	C:\Windows\System32\bcrypt.dll
0x00007ffab7670000 - 0x00007ffab76db000 	C:\Windows\System32\WS2_32.dll
0x00007ffab67c0000 - 0x00007ffab680b000 	C:\Windows\SYSTEM32\POWRPROF.dll
0x00007ffaacea0000 - 0x00007ffaacec7000 	C:\Windows\SYSTEM32\WINMM.dll
0x00007ffaaead0000 - 0x00007ffaaeada000 	C:\Windows\SYSTEM32\VERSION.dll
0x00007ffab67a0000 - 0x00007ffab67b2000 	C:\Windows\SYSTEM32\UMPDC.dll
0x00007ffab47e0000 - 0x00007ffab47f2000 	C:\Windows\SYSTEM32\kernel.appcore.dll
0x00007ffaa3c20000 - 0x00007ffaa3c2a000 	C:\Users\krish\Downloads\sts-4.23.0.RELEASE\plugins\org.eclipse.justj.openjdk.hotspot.jre.full.win32.x86_64_21.0.3.v20240426-1530\jre\bin\jimage.dll
0x00007ffaaa610000 - 0x00007ffaaa7f4000 	C:\Windows\SYSTEM32\DBGHELP.DLL
0x00007ffaa0a80000 - 0x00007ffaa0ab4000 	C:\Windows\SYSTEM32\dbgcore.DLL
0x00007ffab6b90000 - 0x00007ffab6c12000 	C:\Windows\System32\bcryptPrimitives.dll
0x00007ffa901b0000 - 0x00007ffa901cf000 	C:\Users\krish\Downloads\sts-4.23.0.RELEASE\plugins\org.eclipse.justj.openjdk.hotspot.jre.full.win32.x86_64_21.0.3.v20240426-1530\jre\bin\java.dll
0x00007ffa8fdd0000 - 0x00007ffa8fde8000 	C:\Users\krish\Downloads\sts-4.23.0.RELEASE\plugins\org.eclipse.justj.openjdk.hotspot.jre.full.win32.x86_64_21.0.3.v20240426-1530\jre\bin\zip.dll
0x00007ffab7f10000 - 0x00007ffab867f000 	C:\Windows\System32\SHELL32.dll
0x00007ffab49e0000 - 0x00007ffab5183000 	C:\Windows\SYSTEM32\windows.storage.dll
0x00007ffab7bb0000 - 0x00007ffab7f05000 	C:\Windows\System32\combase.dll
0x00007ffab62c0000 - 0x00007ffab62eb000 	C:\Windows\SYSTEM32\Wldp.dll
0x00007ffab76e0000 - 0x00007ffab77ad000 	C:\Windows\System32\OLEAUT32.dll
0x00007ffab79e0000 - 0x00007ffab7a8d000 	C:\Windows\System32\SHCORE.dll
0x00007ffab8680000 - 0x00007ffab86d5000 	C:\Windows\System32\shlwapi.dll
0x00007ffab6890000 - 0x00007ffab68b5000 	C:\Windows\SYSTEM32\profapi.dll
0x00007ffa99d30000 - 0x00007ffa99d40000 	C:\Users\krish\Downloads\sts-4.23.0.RELEASE\plugins\org.eclipse.justj.openjdk.hotspot.jre.full.win32.x86_64_21.0.3.v20240426-1530\jre\bin\net.dll
0x00007ffaae710000 - 0x00007ffaae81a000 	C:\Windows\SYSTEM32\WINHTTP.dll
0x00007ffab6020000 - 0x00007ffab608c000 	C:\Windows\system32\mswsock.dll
0x00007ffa87a00000 - 0x00007ffa87a16000 	C:\Users\krish\Downloads\sts-4.23.0.RELEASE\plugins\org.eclipse.justj.openjdk.hotspot.jre.full.win32.x86_64_21.0.3.v20240426-1530\jre\bin\nio.dll
0x00007ffab3b60000 - 0x00007ffab3b6a000 	C:\Users\krish\Downloads\sts-4.23.0.RELEASE\plugins\org.eclipse.justj.openjdk.hotspot.jre.full.win32.x86_64_21.0.3.v20240426-1530\jre\bin\management.dll
0x00007ffab3ad0000 - 0x00007ffab3adb000 	C:\Users\krish\Downloads\sts-4.23.0.RELEASE\plugins\org.eclipse.justj.openjdk.hotspot.jre.full.win32.x86_64_21.0.3.v20240426-1530\jre\bin\management_ext.dll
0x00007ffab8750000 - 0x00007ffab8758000 	C:\Windows\System32\PSAPI.DLL
0x00007ffa9b9f0000 - 0x00007ffa9ba07000 	C:\Windows\system32\napinsp.dll
0x00007ffa9b9d0000 - 0x00007ffa9b9eb000 	C:\Windows\system32\pnrpnsp.dll
0x00007ffa9b9b0000 - 0x00007ffa9b9c5000 	C:\Windows\system32\wshbth.dll
0x00007ffab0890000 - 0x00007ffab08ad000 	C:\Windows\system32\NLAapi.dll
0x00007ffab5d00000 - 0x00007ffab5d3b000 	C:\Windows\SYSTEM32\IPHLPAPI.DLL
0x00007ffab5d40000 - 0x00007ffab5e0a000 	C:\Windows\SYSTEM32\DNSAPI.dll
0x00007ffab8760000 - 0x00007ffab8768000 	C:\Windows\System32\NSI.dll
0x00007ffa9b990000 - 0x00007ffa9b9a2000 	C:\Windows\System32\winrnr.dll
0x00007ffaa38c0000 - 0x00007ffaa38ca000 	C:\Windows\System32\rasadhlp.dll
0x00007ffaaa0e0000 - 0x00007ffaaa160000 	C:\Windows\System32\fwpuclnt.dll
0x00007ffab6210000 - 0x00007ffab6228000 	C:\Windows\SYSTEM32\CRYPTSP.dll
0x00007ffab5940000 - 0x00007ffab5978000 	C:\Windows\system32\rsaenh.dll
0x00007ffab6850000 - 0x00007ffab687e000 	C:\Windows\SYSTEM32\USERENV.dll
0x00007ffab6230000 - 0x00007ffab623c000 	C:\Windows\SYSTEM32\CRYPTBASE.dll
0x00007ffab3250000 - 0x00007ffab3259000 	C:\Users\krish\Downloads\sts-4.23.0.RELEASE\plugins\org.eclipse.justj.openjdk.hotspot.jre.full.win32.x86_64_21.0.3.v20240426-1530\jre\bin\extnet.dll
0x00007ffab32c0000 - 0x00007ffab32d0000 	C:\Users\krish\Downloads\sts-4.23.0.RELEASE\plugins\org.eclipse.justj.openjdk.hotspot.jre.full.win32.x86_64_21.0.3.v20240426-1530\jre\bin\verify.dll
0x00007ffab3ae0000 - 0x00007ffab3aee000 	C:\Users\krish\Downloads\sts-4.23.0.RELEASE\plugins\org.eclipse.justj.openjdk.hotspot.jre.full.win32.x86_64_21.0.3.v20240426-1530\jre\bin\sunmscapi.dll
0x00007ffab6a00000 - 0x00007ffab6b5d000 	C:\Windows\System32\CRYPT32.dll
0x00007ffab6330000 - 0x00007ffab6357000 	C:\Windows\SYSTEM32\ncrypt.dll
0x00007ffab62f0000 - 0x00007ffab632b000 	C:\Windows\SYSTEM32\NTASN1.dll
0x00007ffa8e830000 - 0x00007ffa8e837000 	C:\Windows\system32\wshunix.dll

dbghelp: loaded successfully - version: 4.0.5 - missing functions: none
symbol engine: initialized successfully - sym options: 0x614 - pdb path: .;C:\Users\krish\Downloads\sts-4.23.0.RELEASE\plugins\org.eclipse.justj.openjdk.hotspot.jre.full.win32.x86_64_21.0.3.v20240426-1530\jre\bin;C:\Windows\SYSTEM32;C:\Windows\WinSxS\amd64_microsoft.windows.common-controls_6595b64144ccf1df_6.0.19041.4355_none_60b8b9eb71f62e16;C:\Users\krish\Downloads\sts-4.23.0.RELEASE\plugins\org.eclipse.justj.openjdk.hotspot.jre.full.win32.x86_64_21.0.3.v20240426-1530\jre\bin\server

VM Arguments:
jvm_args: -Dcom.sun.management.jmxremote -Dcom.sun.management.jmxremote.port=54130 -Dcom.sun.management.jmxremote.authenticate=false -Dcom.sun.management.jmxremote.ssl=false -Djava.rmi.server.hostname=localhost -Dspring.jmx.enabled=true -Dmanagement.endpoints.jmx.exposure.include=* -Dspring.application.admin.enabled=true -DPORT=8084 -XX:TieredStopAtLevel=1 -Dspring.boot.project.name=Patients_Microservices -Dfile.encoding=UTF-8 -Dstdout.encoding=UTF-8 -Dstderr.encoding=UTF-8 -XX:+ShowCodeDetailsInExceptionMessages 
java_command: com.example.demo1.PatientsMicroservicesApplication --spring.output.ansi.enabled=always
java_class_path (initial): C:\Users\krish\Documents\workspace-spring-tool-suite-4-4.23.0.RELEASE\Patients_Microservices\target\classes;C:\Users\krish\.m2\repository\org\springframework\security\spring-security-core\6.4.2\spring-security-core-6.4.2.jar;C:\Users\krish\.m2\repository\org\springframework\boot\spring-boot-starter-data-jpa\3.4.2\spring-boot-starter-data-jpa-3.4.2.jar;C:\Users\krish\.m2\repository\org\springframework\boot\spring-boot-starter\3.4.2\spring-boot-starter-3.4.2.jar;C:\Users\krish\.m2\repository\org\springframework\boot\spring-boot-starter-logging\3.4.2\spring-boot-starter-logging-3.4.2.jar;C:\Users\krish\.m2\repository\ch\qos\logback\logback-classic\1.5.16\logback-classic-1.5.16.jar;C:\Users\krish\.m2\repository\ch\qos\logback\logback-core\1.5.16\logback-core-1.5.16.jar;C:\Users\krish\.m2\repository\org\apache\logging\log4j\log4j-to-slf4j\2.24.3\log4j-to-slf4j-2.24.3.jar;C:\Users\krish\.m2\repository\org\apache\logging\log4j\log4j-api\2.24.3\log4j-api-2.24.3.jar;C:\Users\krish\.m2\repository\org\slf4j\jul-to-slf4j\2.0.16\jul-to-slf4j-2.0.16.jar;C:\Users\krish\.m2\repository\jakarta\annotation\jakarta.annotation-api\2.1.1\jakarta.annotation-api-2.1.1.jar;C:\Users\krish\.m2\repository\org\yaml\snakeyaml\2.3\snakeyaml-2.3.jar;C:\Users\krish\.m2\repository\org\springframework\boot\spring-boot-starter-jdbc\3.4.2\spring-boot-starter-jdbc-3.4.2.jar;C:\Users\krish\.m2\repository\com\zaxxer\HikariCP\5.1.0\HikariCP-5.1.0.jar;C:\Users\krish\.m2\repository\org\springframework\spring-jdbc\6.2.2\spring-jdbc-6.2.2.jar;C:\Users\krish\.m2\repository\org\hibernate\orm\hibernate-core\6.6.5.Final\hibernate-core-6.6.5.Final.jar;C:\Users\krish\.m2\repository\jakarta\persistence\jakarta.persistence-api\3.1.0\jakarta.persistence-api-3.1.0.jar;C:\Users\krish\.m2\repository\jakarta\transaction\jakarta.transaction-api\2.0.1\jakarta.transaction-api-2.0.1.jar;C:\Users\krish\.m2\repository\org\jboss\logging\jboss-logging\3.6.1.Final\jboss-logging-3.6.1.Final.jar;C:\Users\krish\.m2\repository\org\hibernate\common\hibernate-commons-annotations\7.0.3.Final\hibernate-commons-annotations-7.0.3.Final.jar;C:\Users\krish\.m2\repository\io\smallrye\jandex\3.2.0\jandex-3.2.0.jar;C:\Users\krish\.m2\repository\com\fasterxml\classmate\1.7.0\classmate-1.7.0.jar;C:\Users\krish\.m2\repository\net\bytebuddy\byte-buddy\1.15.11\byte-buddy-1.15.11.jar;C:\Users\krish\.m2\repository\org\glassfish\jaxb\jaxb-runtime\4.0.5\jaxb-runtime-4.0.5.jar;C:\Users\krish\.m2\repository\org\glassfish\jaxb\jaxb-core\4.0.5\jaxb-core-4.0.5.jar;C:\Users\krish\.m2\repository\org\eclipse\angus\angus-activation\2.0.2\angus-activation-2.0.2.jar;C:\Users\krish\.m2\repository\org\glassfish\jaxb\txw2\4.0.5\txw2-4.0.5.jar;C:\Users\krish\.m2\repository\com\sun\istack\istack-commons-runtime\4.1.2\istack-commons-runtime-4.1.2.jar;C:\Users\krish\.m2\repository\jakarta\inject\jakarta.inject-api\2.0.1\jakarta.inject-api-2.0.1.jar;C:\Users\krish\.m2\repository\org\antlr\antlr4-runtime\4.13.0\antlr4-runtime-4.13.0.jar;C:\Users\krish\.m2\repository\org\springframework\data\spring-data-jpa\3.4.2\spring-data-jpa-3.4.2.jar;C:\Users\krish\.m2\repository\org\springframework\data\spring-data-commons\3.4.2\spring-data-commons-3.4.2.jar;C:\Users\krish\.m2\repository\org\springframework\spring-orm\6.2.2\spring-orm-6.2.2.jar;C:\Users\krish\.m2\repository\org\springframework\spring-aop\6.2.2\spring-aop-6.2.2.jar;C:\Users\krish\.m2\repository\org\springframework\spring-beans\6.2.2\spring-beans-6.2.2.jar;C:\Users\krish\.m2\repository\org\slf4j\slf4j-api\2.0.16\slf4j-api-2.0.16.jar;C:\Users\krish\.m2\repository\org\springframework\spring-aspects\6.2.2\spring-aspects-6.2.2.jar;C:\Users\krish\.m2\repository\org\aspectj\aspectjweaver\1.9.22.1\aspectjweaver-1.9.22.1.jar;C:\Users\krish\.m2\repository\org\springframework\boot\spring-boot-starter-validation\3.4.2\spring-boot-starter-validation-3.4.2.jar;C:\Users\krish\.m2\repository\org\apache\tomcat\embed\tomcat-embed-el\10.1.34\tomcat-embed-el-10.1.34.jar;C:\Users\krish\.m2\repository\org\hibernate\validator\hibernate-validator\8.0.2.Final\hibernate-validator-8.0.2.Final.jar;C:\Users\krish\.m2\repository\jakarta\validation\jakarta.validation-api\3.0.2\jakarta.validation-api-3.0.2.jar;C:\Users\krish\.m2\repository\org\springframework\boot\spring-boot-starter-web\3.4.2\spring-boot-starter-web-3.4.2.jar;C:\Users\krish\.m2\repository\org\springframework\boot\spring-boot-starter-json\3.4.2\spring-boot-starter-json-3.4.2.jar;C:\Users\krish\.m2\repository\com\fasterxml\jackson\datatype\jackson-datatype-jdk8\2.18.2\jackson-datatype-jdk8-2.18.2.jar;C:\Users\krish\.m2\repository\com\fasterxml\jackson\datatype\jackson-datatype-jsr310\2.18.2\jackson-datatype-jsr310-2.18.2.jar;C:\Users\krish\.m2\repository\com\fasterxml\jackson\module\jackson-module-parameter-names\2.18.2\jackson-module-parameter-names-2.18.2.jar;C:\Users\krish\.m2\repository\org\springframework\boot\spring-boot-starter-tomcat\3.4.2\spring-boot-starter-tomcat-3.4.2.jar;C:\Users\krish\.m2\repository\org\apache\tomcat\embed\tomcat-embed-core\10.1.34\tomcat-embed-core-10.1.34.jar;C:\Users\krish\.m2\repository\org\apache\tomcat\embed\tomcat-embed-websocket\10.1.34\tomcat-embed-websocket-10.1.34.jar;C:\Users\krish\.m2\repository\org\springframework\spring-web\6.2.2\spring-web-6.2.2.jar;C:\Users\krish\.m2\repository\org\springframework\spring-webmvc\6.2.2\spring-webmvc-6.2.2.jar;C:\Users\krish\.m2\repository\org\springframework\spring-expression\6.2.2\spring-expression-6.2.2.jar;C:\Users\krish\.m2\repository\org\springframework\kafka\spring-kafka\3.3.2\spring-kafka-3.3.2.jar;C:\Users\krish\.m2\repository\org\springframework\spring-context\6.2.2\spring-context-6.2.2.jar;C:\Users\krish\.m2\repository\org\springframework\spring-messaging\6.2.2\spring-messaging-6.2.2.jar;C:\Users\krish\.m2\repository\org\springframework\spring-tx\6.2.2\spring-tx-6.2.2.jar;C:\Users\krish\.m2\repository\org\springframework\retry\spring-retry\2.0.11\spring-retry-2.0.11.jar;C:\Users\krish\.m2\repository\org\apache\kafka\kafka-clients\3.8.1\kafka-clients-3.8.1.jar;C:\Users\krish\.m2\repository\com\github\luben\zstd-jni\1.5.6-4\zstd-jni-1.5.6-4.jar;C:\Users\krish\.m2\repository\org\lz4\lz4-java\1.8.0\lz4-java-1.8.0.jar;C:\Users\krish\.m2\repository\org\xerial\snappy\snappy-java\1.1.10.5\snappy-java-1.1.10.5.jar;C:\Users\krish\.m2\repository\io\micrometer\micrometer-observation\1.14.3\micrometer-observation-1.14.3.jar;C:\Users\krish\.m2\repository\io\micrometer\micrometer-commons\1.14.3\micrometer-commons-1.14.3.jar;C:\Users\krish\.m2\repository\org\springframework\cloud\spring-cloud-starter-openfeign\4.2.0\spring-cloud-starter-openfeign-4.2.0.jar;C:\Users\krish\.m2\repository\org\springframework\cloud\spring-cloud-starter\4.2.0\spring-cloud-starter-4.2.0.jar;C:\Users\krish\.m2\repository\org\springframework\cloud\spring-cloud-context\4.2.0\spring-cloud-context-4.2.0.jar;C:\Users\krish\.m2\repository\org\bouncycastle\bcprov-jdk18on\1.78.1\bcprov-jdk18on-1.78.1.jar;C:\Users\krish\.m2\repository\org\springframework\cloud\spring-cloud-openfeign-core\4.2.0\spring-cloud-openfeign-core-4.2.0.jar;C:\Users\krish\.m2\repository\io\github\openfeign\feign-form-spring\13.5\feign-form-spring-13.5.jar;C:\Users\krish\.m2\repository\io\github\openfeign\feign-form\13.5\feign-form-13.5.jar;C:\Users\krish\.m2\repository\commons-fileupload\commons-fileupload\1.5\commons-fileupload-1.5.jar;C:\Users\krish\.m2\repository\commons-io\commons-io\2.11.0\commons-io-2.11.0.jar;C:\Users\krish\.m2\repository\org\springframework\cloud\spring-cloud-commons\4.2.0\spring-cloud-commons-4.2.0.jar;C:\Users\krish\.m2\repository\org\springframework\security\spring-security-crypto\6.4.2\spring-security-crypto-6.4.2.jar;C:\Users\krish\.m2\repository\io\github\openfeign\feign-core\13.5\feign-core-13.5.jar;C:\Users\krish\.m2\repository\io\github\openfeign\feign-slf4j\13.5\feign-slf4j-13.5.jar;C:\Users\krish\.m2\repository\org\springframework\cloud\spring-cloud-starter-netflix-eureka-client\4.2.0\spring-cloud-starter-netflix-eureka-client-4.2.0.jar;C:\Users\krish\.m2\repository\org\springframework\cloud\spring-cloud-netflix-eureka-client\4.2.0\spring-cloud-netflix-eureka-client-4.2.0.jar;C:\Users\krish\.m2\repository\org\apache\httpcomponents\client5\httpclient5\5.4.1\httpclient5-5.4.1.jar;C:\Users\krish\.m2\repository\org\apache\httpcomponents\core5\httpcore5\5.3.2\httpcore5-5.3.2.jar;C:\Users\krish\.m2\repository\org\apache\httpcomponents\core5\httpcore5-h2\5.3.2\httpcore5-h2-5.3.2.jar;C:\Users\krish\.m2\repository\com\netflix\eureka\eureka-client\2.0.4\eureka-client-2.0.4.jar;C:\Users\krish\.m2\repository\com\thoughtworks\xstream\xstream\1.4.20\xstream-1.4.20.jar;C:\Users\krish\.m2\repository\io\github\x-stream\mxparser\1.2.2\mxparser-1.2.2.jar;C:\Users\krish\.m2\repository\xmlpull\xmlpull\1.1.3.1\xmlpull-1.1.3.1.jar;C:\Users\krish\.m2\repository\com\netflix\archaius\archaius-core\0.7.6\archaius-core-0.7.6.jar;C:\Users\krish\.m2\repository\com\google\guava\guava\33.3.1-jre\guava-33.3.1-jre.jar;C:\Users\krish\.m2\repository\com\google\guava\failureaccess\1.0.2\failureaccess-1.0.2.jar;C:\Users\krish\.m2\repository\com\google\guava\listenablefuture\9999.0-empty-to-avoid-conflict-with-guava\listenablefuture-9999.0-empty-to-avoid-conflict-with-guava.jar;C:\Users\krish\.m2\repository\org\checkerframework\checker-qual\3.43.0\checker-qual-3.43.0.jar;C:\Users\krish\.m2\repository\com\google\errorprone\error_prone_annotations\2.28.0\error_prone_annotations-2.28.0.jar;C:\Users\krish\.m2\repository\com\google\j2objc\j2objc-annotations\3.0.0\j2objc-annotations-3.0.0.jar;C:\Users\krish\.m2\repository\jakarta\ws\rs\jakarta.ws.rs-api\3.1.0\jakarta.ws.rs-api-3.1.0.jar;C:\Users\krish\.m2\repository\com\netflix\spectator\spectator-api\1.7.3\spectator-api-1.7.3.jar;C:\Users\krish\.m2\repository\org\apache\httpcomponents\httpclient\4.5.3\httpclient-4.5.3.jar;C:\Users\krish\.m2\repository\org\apache\httpcomponents\httpcore\4.4.16\httpcore-4.4.16.jar;C:\Users\krish\.m2\repository\commons-logging\commons-logging\1.2\commons-logging-1.2.jar;C:\Users\krish\.m2\repository\commons-codec\commons-codec\1.17.2\commons-codec-1.17.2.jar;C:\Users\krish\.m2\repository\com\google\code\findbugs\jsr305\3.0.2\jsr305-3.0.2.jar;C:\Users\krish\.m2\repository\commons-configuration\commons-configuration\1.10\commons-configuration-1.10.jar;C:\Users\krish\.m2\repository\commons-lang\commons-lang\2.6\commons-lang-2.6.jar;C:\Users\krish\.m2\repository\com\github\vlsi\compactmap\compactmap\2.0\compactmap-2.0.jar;C:\Users\krish\.m2\repository\com\github\andrewoma\dexx\dexx-collections\0.2\dexx-collections-0.2.jar;C:\Users\krish\.m2\repository\com\netflix\netflix-commons\netflix-eventbus\0.3.0\netflix-eventbus-0.3.0.jar;C:\Users\krish\.m2\repository\com\netflix\netflix-commons\netflix-infix\0.3.0\netflix-infix-0.3.0.jar;C:\Users\krish\.m2\repository\commons-jxpath\commons-jxpath\1.3\commons-jxpath-1.3.jar;C:\Users\krish\.m2\repository\joda-time\joda-time\2.3\joda-time-2.3.jar;C:\Users\krish\.m2\repository\javax\servlet\servlet-api\2.5\servlet-api-2.5.jar;C:\Users\krish\.m2\repository\org\antlr\antlr-runtime\3.4\antlr-runtime-3.4.jar;C:\Users\krish\.m2\repository\org\antlr\stringtemplate\3.2.1\stringtemplate-3.2.1.jar;C:\Users\krish\.m2\repository\antlr\antlr\2.7.7\antlr-2.7.7.jar;C:\Users\krish\.m2\repository\com\google\code\gson\gson\2.11.0\gson-2.11.0.jar;C:\Users\krish\.m2\repository\com\netflix\servo\servo-core\0.5.3\servo-core-0.5.3.jar;C:\Users\krish\.m2\repository\com\google\code\findbugs\annotations\2.0.0\annotations-2.0.0.jar;C:\Users\krish\.m2\repository\org\apache\commons\commons-math\2.2\commons-math-2.2.jar;C:\Users\krish\.m2\repository\javax\annotation\javax.annotation-api\1.2\javax.annotation-api-1.2.jar;C:\Users\krish\.m2\repository\org\codehaus\jettison\jettison\1.5.4\jettison-1.5.4.jar;C:\Users\krish\.m2\repository\org\springframework\cloud\spring-cloud-starter-loadbalancer\4.2.0\spring-cloud-starter-loadbalancer-4.2.0.jar;C:\Users\krish\.m2\repository\org\springframework\cloud\spring-cloud-loadbalancer\4.2.0\spring-cloud-loadbalancer-4.2.0.jar;C:\Users\krish\.m2\repository\io\projectreactor\reactor-core\3.7.2\reactor-core-3.7.2.jar;C:\Users\krish\.m2\repository\org\reactivestreams\reactive-streams\1.0.4\reactive-streams-1.0.4.jar;C:\Users\krish\.m2\repository\io\projectreactor\addons\reactor-extra\3.5.2\reactor-extra-3.5.2.jar;C:\Users\krish\.m2\repository\org\springframework\boot\spring-boot-starter-cache\3.4.2\spring-boot-starter-cache-3.4.2.jar;C:\Users\krish\.m2\repository\org\springframework\spring-context-support\6.2.2\spring-context-support-6.2.2.jar;C:\Users\krish\.m2\repository\com\stoyanr\evictor\1.0.0\evictor-1.0.0.jar;C:\Users\krish\.m2\repository\org\springframework\boot\spring-boot-devtools\3.4.2\spring-boot-devtools-3.4.2.jar;C:\Users\krish\.m2\repository\org\springframework\boot\spring-boot\3.4.2\spring-boot-3.4.2.jar;C:\Users\krish\.m2\repository\org\springframework\boot\spring-boot-autoconfigure\3.4.2\spring-boot-autoconfigure-3.4.2.jar;C:\Users\krish\.m2\repository\com\fasterxml\jackson\core\jackson-databind\2.18.2\jackson-databind-2.18.2.jar;C:\Users\krish\.m2\repository\com\fasterxml\jackson\core\jackson-annotations\2.18.2\jackson-annotations-2.18.2.jar;C:\Users\krish\.m2\repository\com\fasterxml\jackson\core\jackson-core\2.18.2\jackson-core-2.18.2.jar;C:\Users\krish\.m2\repository\com\mysql\mysql-connector-j\9.1.0\mysql-connector-j-9.1.0.jar;C:\Users\krish\.m2\repository\jakarta\xml\bind\jakarta.xml.bind-api\4.0.2\jakarta.xml.bind-api-4.0.2.jar;C:\Users\krish\.m2\repository\jakarta\activation\jakarta.activation-api\2.1.3\jakarta.activation-api-2.1.3.jar;C:\Users\krish\.m2\repository\org\springframework\spring-core\6.2.2\spring-core-6.2.2.jar;C:\Users\krish\.m2\repository\org\springframework\spring-jcl\6.2.2\spring-jcl-6.2.2.jar
Launcher Type: SUN_STANDARD

[Global flags]
     intx CICompilerCount                          = 3                                         {product} {ergonomic}
     uint ConcGCThreads                            = 1                                         {product} {ergonomic}
     uint G1ConcRefinementThreads                  = 4                                         {product} {ergonomic}
   size_t G1HeapRegionSize                         = 1048576                                   {product} {ergonomic}
    uintx GCDrainStackTargetSize                   = 64                                        {product} {ergonomic}
   size_t InitialHeapSize                          = 117440512                                 {product} {ergonomic}
     bool ManagementServer                         = true                                      {product} {command line}
   size_t MarkStackSize                            = 4194304                                   {product} {ergonomic}
   size_t MaxHeapSize                              = 1855979520                                {product} {ergonomic}
   size_t MaxNewSize                               = 1113587712                                {product} {ergonomic}
   size_t MinHeapDeltaBytes                        = 1048576                                   {product} {ergonomic}
   size_t MinHeapSize                              = 8388608                                   {product} {ergonomic}
    uintx NonNMethodCodeHeapSize                   = 4096                                   {pd product} {ergonomic}
    uintx NonProfiledCodeHeapSize                  = 0                                      {pd product} {ergonomic}
     bool ProfileInterpreter                       = false                                  {pd product} {command line}
    uintx ProfiledCodeHeapSize                     = 0                                      {pd product} {ergonomic}
     bool ShowCodeDetailsInExceptionMessages       = true                                   {manageable} {command line}
   size_t SoftMaxHeapSize                          = 1855979520                             {manageable} {ergonomic}
     intx TieredStopAtLevel                        = 1                                         {product} {command line}
     bool UseCompressedOops                        = true                           {product lp64_product} {ergonomic}
     bool UseG1GC                                  = true                                      {product} {ergonomic}
     bool UseLargePagesIndividualAllocation        = false                                  {pd product} {ergonomic}

Logging:
Log output configuration:
 #0: stdout all=warning uptime,level,tags foldmultilines=false
 #1: stderr all=off uptime,level,tags foldmultilines=false

Environment Variables:
PATH=C:/Users/krish/Downloads/sts-4.23.0.RELEASE//plugins/org.eclipse.justj.openjdk.hotspot.jre.full.win32.x86_64_21.0.3.v20240426-1530/jre/bin/server;C:/Users/krish/Downloads/sts-4.23.0.RELEASE//plugins/org.eclipse.justj.openjdk.hotspot.jre.full.win32.x86_64_21.0.3.v20240426-1530/jre/bin;C:\Program Files\Eclipse Adoptium\jdk-21.0.3.9-hotspot\bin;C:\Program Files\Common Files\Oracle\Java\javapath;C:\Windows\system32;C:\Windows;C:\Windows\System32\Wbem;C:\Windows\System32\WindowsPowerShell\v1.0\;C:\Windows\System32\OpenSSH\;C:\Program Files\nodejs\;C:\Program Files\MySQL\MySQL Shell 8.0\bin\;C:\Users\krish\AppData\Local\Microsoft\WindowsApps;C:\Users\krish\AppData\Local\Programs\Microsoft VS Code\bin;C:\Users\krish\AppData\Roaming\npm;C:\Users\krish\Downloads\sts-4.23.0.RELEASE;
USERNAME=krish
OS=Windows_NT
PROCESSOR_IDENTIFIER=AMD64 Family 23 Model 17 Stepping 0, AuthenticAMD
TMP=C:\Users\krish\AppData\Local\Temp
TEMP=C:\Users\krish\AppData\Local\Temp




Periodic native trim disabled

---------------  S Y S T E M  ---------------

OS:
 Windows 10 , 64 bit Build 19041 (10.0.19041.5678)
OS uptime: 0 days 23:19 hours

CPU: total 4 (initial active 4) (4 cores per cpu, 2 threads per core) family 23 model 17 stepping 0 microcode 0x0, cx8, cmov, fxsr, ht, mmx, 3dnowpref, sse, sse2, sse3, ssse3, sse4a, sse4.1, sse4.2, popcnt, lzcnt, tsc, tscinvbit, avx, avx2, aes, clmul, bmi1, bmi2, adx, sha, fma, vzeroupper, clflush, clflushopt, rdtscp, f16c
Processor Information for processor 0
  Max Mhz: 2500, Current Mhz: 2500, Mhz Limit: 2500
Processor Information for processor 1
  Max Mhz: 2500, Current Mhz: 2500, Mhz Limit: 2500
Processor Information for processor 2
  Max Mhz: 2500, Current Mhz: 1600, Mhz Limit: 2500
Processor Information for processor 3
  Max Mhz: 2500, Current Mhz: 1600, Mhz Limit: 2500

Memory: 4k page, system-wide physical 7075M (714M free)
TotalPageFile size 11939M (AvailPageFile size 3459M)
current process WorkingSet (physical memory assigned to process): 284M, peak: 284M
current process commit charge ("private bytes"): 310M, peak: 310M

vm_info: OpenJDK 64-Bit Server VM (21.0.3+9-LTS) for windows-amd64 JRE (21.0.3+9-LTS), built on 2024-04-16T00:00:00Z by "admin" with MS VC++ 17.7 (VS2022)

END.
